Jun-19 10:55:14.197 [main] DEBUG nextflow.cli.Launcher - $> /usr/lib/epi2me/resources/nextflow-all -log /home/user/epi2melabs/instances/wf-clone-validation_01KVESDREQASYBABA987PR6AME/nextflow.log run /home/user/epi2melabs/workflows/epi2me-labs/wf-clone-validation/v1.8.4/main.nf -params-file /home/user/epi2melabs/instances/wf-clone-validation_01KVESDREQASYBABA987PR6AME/params.json -w /home/user/epi2melabs/instances/wf-clone-validation_01KVESDREQASYBABA987PR6AME/work -ansi-log false -offline -profile standard -with-weblog 'http://localhost:33287' -name determined_volhard
Jun-19 10:55:14.219 [main] INFO  nextflow.cli.CmdRun - N E X T F L O W  ~  version 23.04.2
Jun-19 10:55:14.229 [main] DEBUG nextflow.plugin.PluginsFacade - Setting up plugin manager > mode=prod; embedded=false; plugins-dir=/home/user/epi2melabs/workflows/.nextflow/plugins; core-plugins: nf-amazon@1.16.2,nf-azure@1.0.1,nf-codecommit@0.1.4,nf-console@1.0.5,nf-ga4gh@1.0.5,nf-google@1.7.3,nf-tower@1.5.12,nf-wave@0.8.3
Jun-19 10:55:14.233 [main] INFO  org.pf4j.DefaultPluginStatusProvider - Enabled plugins: []
Jun-19 10:55:14.234 [main] INFO  org.pf4j.DefaultPluginStatusProvider - Disabled plugins: []
Jun-19 10:55:14.235 [main] INFO  org.pf4j.DefaultPluginManager - PF4J version 3.4.1 in 'deployment' mode
Jun-19 10:55:14.238 [main] INFO  org.pf4j.AbstractPluginManager - No plugins
Jun-19 10:55:14.250 [main] DEBUG nextflow.config.ConfigBuilder - Found config base: /home/user/epi2melabs/workflows/epi2me-labs/wf-clone-validation/v1.8.4/nextflow.config
Jun-19 10:55:14.251 [main] DEBUG nextflow.config.ConfigBuilder - Parsing config file: /home/user/epi2melabs/workflows/epi2me-labs/wf-clone-validation/v1.8.4/nextflow.config
Jun-19 10:55:14.268 [main] DEBUG nextflow.config.ConfigBuilder - Applying config profile: `standard`
Jun-19 10:55:14.636 [main] DEBUG nextflow.cli.CmdRun - Applied DSL=2 from script declararion
Jun-19 10:55:14.641 [main] INFO  nextflow.cli.CmdRun - Launching `/home/user/epi2melabs/workflows/epi2me-labs/wf-clone-validation/v1.8.4/main.nf` [determined_volhard] DSL2 - revision: 06c35870b9
Jun-19 10:55:14.641 [main] DEBUG nextflow.plugin.PluginsFacade - Plugins default=[]
Jun-19 10:55:14.641 [main] DEBUG nextflow.plugin.PluginsFacade - Plugins resolved requirement=[]
Jun-19 10:55:14.647 [main] DEBUG nextflow.secret.LocalSecretsProvider - Secrets store: /home/user/epi2melabs/workflows/.nextflow/secrets/store.json
Jun-19 10:55:14.649 [main] DEBUG nextflow.secret.SecretsLoader - Discovered secrets providers: [nextflow.secret.LocalSecretsProvider@28157173] - activable => nextflow.secret.LocalSecretsProvider@28157173
Jun-19 10:55:14.675 [main] DEBUG nextflow.Session - Session UUID: 8661654b-02c0-44bb-aa57-146b0bce4115
Jun-19 10:55:14.675 [main] DEBUG nextflow.Session - Run name: determined_volhard
Jun-19 10:55:14.675 [main] DEBUG nextflow.Session - Executor pool size: 32
Jun-19 10:55:14.681 [main] DEBUG nextflow.util.ThreadPoolBuilder - Creating thread pool 'FileTransfer' minSize=10; maxSize=96; workQueue=LinkedBlockingQueue[10000]; allowCoreThreadTimeout=false
Jun-19 10:55:14.690 [main] DEBUG nextflow.cli.CmdRun - 
  Version: 23.04.2 build 5871
  Created: 08-06-2023 09:33 UTC (18:33 JDT)
  System: Linux 6.17.0-35-generic
  Runtime: Groovy 3.0.16 on OpenJDK 64-Bit Server VM 18.0.2+9-61
  Encoding: UTF-8 (UTF-8)
  Process: 359952@validation-host [127.0.1.1]
  CPUs: 32 - Mem: 123.5 GB (64.6 GB) - Swap: 8 GB (8 GB)
Jun-19 10:55:14.704 [main] DEBUG nextflow.Session - Work-dir: /home/user/epi2melabs/instances/wf-clone-validation_01KVESDREQASYBABA987PR6AME/work [ext2/ext3]
Jun-19 10:55:14.723 [main] DEBUG nextflow.executor.ExecutorFactory - Extension executors providers=[GoogleLifeSciencesExecutor, AwsBatchExecutor, GoogleBatchExecutor]
Jun-19 10:55:14.729 [main] DEBUG nextflow.Session - Observer factory: DefaultObserverFactory
Jun-19 10:55:14.744 [main] DEBUG nextflow.util.CustomThreadPool - Creating default thread pool > poolSize: 33; maxThreads: 1000
Jun-19 10:55:14.746 [main] DEBUG nextflow.Session - Observer factory: TowerFactory
Jun-19 10:55:14.769 [main] DEBUG nextflow.cache.CacheFactory - Using Nextflow cache factory: nextflow.cache.DefaultCacheFactory
Jun-19 10:55:14.809 [main] DEBUG nextflow.Session - Session start
Jun-19 10:55:14.811 [main] DEBUG nextflow.trace.TraceFileObserver - Workflow started -- trace file: /home/user/epi2melabs/instances/wf-clone-validation_01KVESDREQASYBABA987PR6AME/output/execution/trace.txt
Jun-19 10:55:14.815 [main] DEBUG nextflow.Session - Using default localLib path: /home/user/epi2melabs/workflows/epi2me-labs/wf-clone-validation/v1.8.4/lib
Jun-19 10:55:14.817 [main] DEBUG nextflow.Session - Adding to the classpath library: /home/user/epi2melabs/workflows/epi2me-labs/wf-clone-validation/v1.8.4/lib
Jun-19 10:55:14.817 [main] DEBUG nextflow.Session - Adding to the classpath library: /home/user/epi2melabs/workflows/epi2me-labs/wf-clone-validation/v1.8.4/lib/nfcore_external_java_deps.jar
Jun-19 10:55:14.864 [Actor Thread 2] DEBUG nextflow.trace.WebLogObserver - Successfully sent message to http://localhost:33287 -- received status code 200.
Jun-19 10:55:15.739 [main] DEBUG nextflow.script.ScriptRunner - > Launching execution
Jun-19 10:55:16.412 [main] INFO  nextflow.Nextflow - 
[0;92m||||||||||   [0m[2m_____ ____ ___ ____  __  __ _____
[0;92m||||||||||  [0m[2m| ____|  _ \_ _|___ \|  \/  | ____|
[0;33m|||||       [0m[2m|  _| | |_) | |  __) | |\/| |  _|
[0;33m|||||       [0m[2m| |___|  __/| | / __/| |  | | |__
[0;94m||||||||||  [0m[2m|_____|_|  |___|_____|_|  |_|_____|
[0;94m||||||||||  [0m[1mwf-clone-validation v1.8.4[0m
[2m--------------------------------------------------------------------------------[0m
[1mCore Nextflow options[0m
  [0;34mrunName        : [0;32mdetermined_volhard[0m
  [0;34mcontainerEngine: [0;32mdocker[0m
  [0;34mlaunchDir      : [0;32m/home/user/epi2melabs/instances/wf-clone-validation_01KVESDREQASYBABA987PR6AME[0m
  [0;34mworkDir        : [0;32m/home/user/epi2melabs/instances/wf-clone-validation_01KVESDREQASYBABA987PR6AME/work[0m
  [0;34mprojectDir     : [0;32m/home/user/epi2melabs/workflows/epi2me-labs/wf-clone-validation/v1.8.4[0m
  [0;34muserName       : [0;32muser[0m
  [0;34mprofile        : [0;32mstandard[0m
  [0;34mconfigFiles    : [0;32m/home/user/epi2melabs/workflows/epi2me-labs/wf-clone-validation/v1.8.4/nextflow.config[0m

[1mInput Options[0m
  [0;34mfastq          : [0;32m/home/user/Desktop/260612_troubleshoot/plasmid_filtered_260618/barcode69.len5kb-6kb_q20.fastq.gz[0m
  [0;34mapprox_size    : [0;32m5000[0m

[1mOutput Options[0m
  [0;34mout_dir        : [0;32m/home/user/epi2melabs/instances/wf-clone-validation_01KVESDREQASYBABA987PR6AME/output[0m

[1mAdvanced Options[0m
  [0;34massembly_tool  : [0;32mcanu[0m

[1mMiscellaneous Options[0m
  [0;34mthreads        : [0;32m16[0m
  [0;34mstore_dir      : [0;32m/home/user/epi2melabs/data[0m

!! Only displaying parameters that differ from the pipeline defaults !!
[2m--------------------------------------------------------------------------------[0m
If you use epi2me-labs/wf-clone-validation for your analysis please cite:

* The nf-core framework
  https://doi.org/10.1038/s41587-020-0439-x


[2m--------------------------------------------------------------------------------[0m
This is epi2me-labs/wf-clone-validation v1.8.4.
[2m--------------------------------------------------------------------------------[0m
Jun-19 10:55:17.636 [main] WARN  nextflow.Nextflow - Assembly tool Canu. This may result in suboptimal performance on ARM devices.
Jun-19 10:55:17.639 [main] INFO  nextflow.Nextflow - Searching input for [.fastq, .fastq.gz, .fq, .fq.gz] files.
Jun-19 10:55:17.675 [main] DEBUG nextflow.script.ProcessConfig - Config settings `withLabel:wf_common` matches labels `ingress,wf_common` for process with name fastcat
Jun-19 10:55:17.677 [main] DEBUG nextflow.executor.ExecutorFactory - << taskConfig executor: null
Jun-19 10:55:17.677 [main] DEBUG nextflow.executor.ExecutorFactory - >> processorType: 'local'
Jun-19 10:55:17.679 [main] DEBUG nextflow.executor.Executor - [warm up] executor > local
Jun-19 10:55:17.681 [main] DEBUG n.processor.LocalPollingMonitor - Creating local task monitor for executor 'local' > cpus=32; memory=123.5 GB; capacity=32; pollInterval=100ms; dumpInterval=5m
Jun-19 10:55:17.714 [main] DEBUG nextflow.script.ProcessConfig - Config settings `withLabel:wfplasmid` matches labels `wfplasmid` for process with name cutsite_qc
Jun-19 10:55:17.714 [main] DEBUG nextflow.executor.ExecutorFactory - << taskConfig executor: null
Jun-19 10:55:17.715 [main] DEBUG nextflow.executor.ExecutorFactory - >> processorType: 'local'
Jun-19 10:55:17.727 [main] DEBUG nextflow.script.ProcessConfig - Config settings `withLabel:wfplasmid` matches labels `wfplasmid` for process with name pipeline:filterHostReads
Jun-19 10:55:17.727 [main] DEBUG nextflow.executor.ExecutorFactory - << taskConfig executor: null
Jun-19 10:55:17.727 [main] DEBUG nextflow.executor.ExecutorFactory - >> processorType: 'local'
Jun-19 10:55:17.732 [main] DEBUG nextflow.script.ProcessConfig - Config settings `withLabel:wfplasmid` matches labels `wfplasmid` for process with name pipeline:checkIfEnoughReads
Jun-19 10:55:17.732 [main] DEBUG nextflow.executor.ExecutorFactory - << taskConfig executor: null
Jun-19 10:55:17.732 [main] DEBUG nextflow.executor.ExecutorFactory - >> processorType: 'local'
Jun-19 10:55:17.734 [main] DEBUG nextflow.script.ProcessConfig - Config settings `withLabel:canu` matches labels `canu` for process with name pipeline:assembleCore
Jun-19 10:55:17.735 [main] DEBUG nextflow.executor.ExecutorFactory - << taskConfig executor: null
Jun-19 10:55:17.735 [main] DEBUG nextflow.executor.ExecutorFactory - >> processorType: 'local'
Jun-19 10:55:17.743 [main] DEBUG nextflow.script.ProcessConfig - Config settings `withLabel:medaka` matches labels `medaka` for process with name pipeline:medakaPolishAssembly
Jun-19 10:55:17.743 [main] DEBUG nextflow.executor.ExecutorFactory - << taskConfig executor: null
Jun-19 10:55:17.743 [main] DEBUG nextflow.executor.ExecutorFactory - >> processorType: 'local'
Jun-19 10:55:17.745 [main] DEBUG nextflow.script.ProcessConfig - Config settings `withLabel:wfplasmid` matches labels `wfplasmid` for process with name pipeline:reorientateFastqAndGetFasta
Jun-19 10:55:17.745 [main] DEBUG nextflow.executor.ExecutorFactory - << taskConfig executor: null
Jun-19 10:55:17.745 [main] DEBUG nextflow.executor.ExecutorFactory - >> processorType: 'local'
Jun-19 10:55:17.746 [main] DEBUG nextflow.script.ProcessConfig - Config settings `withLabel:wfplasmid` matches labels `wfplasmid` for process with name pipeline:downsampledStats
Jun-19 10:55:17.746 [main] DEBUG nextflow.executor.ExecutorFactory - << taskConfig executor: null
Jun-19 10:55:17.746 [main] DEBUG nextflow.executor.ExecutorFactory - >> processorType: 'local'
Jun-19 10:55:17.747 [main] DEBUG nextflow.script.ProcessConfig - Config settings `withLabel:wfplasmid` matches labels `wfplasmid` for process with name pipeline:findPrimers
Jun-19 10:55:17.748 [main] DEBUG nextflow.executor.ExecutorFactory - << taskConfig executor: null
Jun-19 10:55:17.748 [main] DEBUG nextflow.executor.ExecutorFactory - >> processorType: 'local'
Jun-19 10:55:17.749 [main] DEBUG nextflow.script.ProcessConfig - Config settings `withLabel:medaka` matches labels `medaka` for process with name pipeline:medakaVersion
Jun-19 10:55:17.749 [main] DEBUG nextflow.executor.ExecutorFactory - << taskConfig executor: null
Jun-19 10:55:17.749 [main] DEBUG nextflow.executor.ExecutorFactory - >> processorType: 'local'
Jun-19 10:55:17.749 [main] DEBUG nextflow.script.ProcessConfig - Config settings `withLabel:canu` matches labels `canu` for process with name pipeline:canuVersion
Jun-19 10:55:17.749 [main] DEBUG nextflow.executor.ExecutorFactory - << taskConfig executor: null
Jun-19 10:55:17.749 [main] DEBUG nextflow.executor.ExecutorFactory - >> processorType: 'local'
Jun-19 10:55:17.750 [main] DEBUG nextflow.script.ProcessConfig - Config settings `withLabel:wfplasmid` matches labels `wfplasmid` for process with name pipeline:getVersions
Jun-19 10:55:17.750 [main] DEBUG nextflow.executor.ExecutorFactory - << taskConfig executor: null
Jun-19 10:55:17.750 [main] DEBUG nextflow.executor.ExecutorFactory - >> processorType: 'local'
Jun-19 10:55:17.751 [main] DEBUG nextflow.script.ProcessConfig - Config settings `withLabel:wfplasmid` matches labels `wfplasmid` for process with name pipeline:getParams
Jun-19 10:55:17.751 [main] DEBUG nextflow.executor.ExecutorFactory - << taskConfig executor: null
Jun-19 10:55:17.751 [main] DEBUG nextflow.executor.ExecutorFactory - >> processorType: 'local'
Jun-19 10:55:17.753 [main] DEBUG nextflow.script.ProcessConfig - Config settings `withLabel:wfplasmid` matches labels `wfplasmid` for process with name pipeline:assembly_qc
Jun-19 10:55:17.753 [main] DEBUG nextflow.executor.ExecutorFactory - << taskConfig executor: null
Jun-19 10:55:17.753 [main] DEBUG nextflow.executor.ExecutorFactory - >> processorType: 'local'
Jun-19 10:55:17.754 [main] DEBUG nextflow.script.ProcessConfig - Config settings `withLabel:wfplasmid` matches labels `wfplasmid` for process with name pipeline:inserts
Jun-19 10:55:17.754 [main] DEBUG nextflow.executor.ExecutorFactory - << taskConfig executor: null
Jun-19 10:55:17.754 [main] DEBUG nextflow.executor.ExecutorFactory - >> processorType: 'local'
Jun-19 10:55:17.757 [main] DEBUG nextflow.script.ProcessConfig - Config settings `withLabel:wfplasmid` matches labels `wfplasmid` for process with name pipeline:insert_qc
Jun-19 10:55:17.757 [main] DEBUG nextflow.executor.ExecutorFactory - << taskConfig executor: null
Jun-19 10:55:17.757 [main] DEBUG nextflow.executor.ExecutorFactory - >> processorType: 'local'
Jun-19 10:55:17.759 [main] DEBUG nextflow.script.ProcessConfig - Config settings `withLabel:wfplasmid` matches labels `wfplasmid` for process with name pipeline:align_assembly
Jun-19 10:55:17.760 [main] DEBUG nextflow.executor.ExecutorFactory - << taskConfig executor: null
Jun-19 10:55:17.760 [main] DEBUG nextflow.executor.ExecutorFactory - >> processorType: 'local'
Jun-19 10:55:17.761 [main] DEBUG nextflow.script.ProcessConfig - Config settings `withLabel:wfplasmid` matches labels `wfplasmid` for process with name pipeline:assembly_comparison
Jun-19 10:55:17.761 [main] DEBUG nextflow.executor.ExecutorFactory - << taskConfig executor: null
Jun-19 10:55:17.761 [main] DEBUG nextflow.executor.ExecutorFactory - >> processorType: 'local'
Jun-19 10:55:17.765 [main] DEBUG nextflow.script.ProcessConfig - Config settings `withLabel:plannotate` matches labels `plannotate` for process with name pipeline:runPlannotate
Jun-19 10:55:17.765 [main] DEBUG nextflow.executor.ExecutorFactory - << taskConfig executor: null
Jun-19 10:55:17.765 [main] DEBUG nextflow.executor.ExecutorFactory - >> processorType: 'local'
Jun-19 10:55:17.766 [main] DEBUG nextflow.script.ProcessConfig - Config settings `withLabel:wfplasmid` matches labels `wfplasmid` for process with name pipeline:assemblyMafs
Jun-19 10:55:17.766 [main] DEBUG nextflow.executor.ExecutorFactory - << taskConfig executor: null
Jun-19 10:55:17.766 [main] DEBUG nextflow.executor.ExecutorFactory - >> processorType: 'local'
Jun-19 10:55:17.771 [main] DEBUG nextflow.script.ProcessConfig - Config settings `withLabel:wfplasmid` matches labels `wfplasmid` for process with name pipeline:report
Jun-19 10:55:17.772 [main] DEBUG nextflow.executor.ExecutorFactory - << taskConfig executor: null
Jun-19 10:55:17.772 [main] DEBUG nextflow.executor.ExecutorFactory - >> processorType: 'local'
Jun-19 10:55:17.778 [main] DEBUG nextflow.script.ProcessConfig - Config settings `withLabel:wfplasmid` matches labels `wfplasmid` for process with name publish
Jun-19 10:55:17.778 [main] DEBUG nextflow.executor.ExecutorFactory - << taskConfig executor: null
Jun-19 10:55:17.778 [main] DEBUG nextflow.executor.ExecutorFactory - >> processorType: 'local'
Jun-19 10:55:17.779 [main] DEBUG nextflow.Session - Workflow process names [dsl2]: pipeline:medakaPolishAssembly, pipeline:inserts, move_or_compress_fq_file, pipeline:getParams, align_assembly, pipeline:assembleCore, downsampledStats, pipeline:canuVersion, reorientateFastqAndGetFasta, checkBamHeaders, medakaVersion, assembly_comparison, mergeBams, pipeline:align_assembly, findPrimers, assembleCore, getVersions, assembleCore_canu, validateIndex, pipeline:report, bamstats, assembly_qc, canuVersion, pipeline:filterHostReads, filterHostReads, fastcat, pipeline:runPlannotate, samtools_index, getParams, pipeline:assembly_qc, pipeline:assemblyMafs, assemblyMafs, sortBam, validate_sample_sheet, checkIfEnoughReads, pipeline:medakaVersion, pipeline:reorientateFastqAndGetFasta, insert_qc, flyeVersion, runPlannotate, cutsite_qc, pipeline:getVersions, pipeline:checkIfEnoughReads, pipeline:downsampledStats, split_fq_file, pipeline:findPrimers, medakaPolishAssembly, publish, pipeline:assembly_comparison, report, pipeline:insert_qc, inserts, catSortBams
Jun-19 10:55:17.779 [main] DEBUG nextflow.Session - Igniting dataflow network (24)
Jun-19 10:55:17.781 [main] DEBUG nextflow.processor.TaskProcessor - Starting process > fastcat
Jun-19 10:55:17.782 [main] DEBUG nextflow.processor.TaskProcessor - Starting process > cutsite_qc
Jun-19 10:55:17.782 [main] DEBUG nextflow.processor.TaskProcessor - Starting process > pipeline:filterHostReads
Jun-19 10:55:17.782 [main] DEBUG nextflow.processor.TaskProcessor - Starting process > pipeline:checkIfEnoughReads
Jun-19 10:55:17.782 [main] DEBUG nextflow.processor.TaskProcessor - Starting process > pipeline:assembleCore
Jun-19 10:55:17.782 [main] DEBUG nextflow.processor.TaskProcessor - Starting process > pipeline:medakaPolishAssembly
Jun-19 10:55:17.782 [main] DEBUG nextflow.processor.TaskProcessor - Starting process > pipeline:reorientateFastqAndGetFasta
Jun-19 10:55:17.782 [main] DEBUG nextflow.processor.TaskProcessor - Starting process > pipeline:downsampledStats
Jun-19 10:55:17.782 [main] DEBUG nextflow.processor.TaskProcessor - Starting process > pipeline:findPrimers
Jun-19 10:55:17.782 [main] DEBUG nextflow.processor.TaskProcessor - Starting process > pipeline:medakaVersion
Jun-19 10:55:17.782 [main] DEBUG nextflow.processor.TaskProcessor - Starting process > pipeline:canuVersion
Jun-19 10:55:17.782 [main] DEBUG nextflow.processor.TaskProcessor - Starting process > pipeline:getVersions
Jun-19 10:55:17.782 [main] DEBUG nextflow.processor.TaskProcessor - Starting process > pipeline:getParams
Jun-19 10:55:17.782 [main] DEBUG nextflow.processor.TaskProcessor - Starting process > pipeline:assembly_qc
Jun-19 10:55:17.782 [main] DEBUG nextflow.processor.TaskProcessor - Starting process > pipeline:inserts
Jun-19 10:55:17.782 [main] DEBUG nextflow.processor.TaskProcessor - Starting process > pipeline:insert_qc
Jun-19 10:55:17.782 [main] DEBUG nextflow.processor.TaskProcessor - Starting process > pipeline:align_assembly
Jun-19 10:55:17.782 [main] DEBUG nextflow.processor.TaskProcessor - Starting process > pipeline:assembly_comparison
Jun-19 10:55:17.782 [main] DEBUG nextflow.processor.TaskProcessor - Starting process > pipeline:runPlannotate
Jun-19 10:55:17.782 [main] DEBUG nextflow.processor.TaskProcessor - Starting process > pipeline:assemblyMafs
Jun-19 10:55:17.782 [main] DEBUG nextflow.processor.TaskProcessor - Starting process > pipeline:report
Jun-19 10:55:17.782 [main] DEBUG nextflow.processor.TaskProcessor - Starting process > publish
Jun-19 10:55:17.782 [main] DEBUG nextflow.script.ScriptRunner - > Awaiting termination 
Jun-19 10:55:17.782 [main] DEBUG nextflow.Session - Session await
Jun-19 10:55:17.848 [Task submitter] DEBUG n.executor.local.LocalTaskHandler - Launch cmd line: /bin/bash -ue .command.run
Jun-19 10:55:17.849 [Task submitter] INFO  nextflow.Session - [b2/a9c042] Submitted process > pipeline:getParams
Jun-19 10:55:17.852 [Actor Thread 32] DEBUG nextflow.trace.WebLogObserver - Successfully sent message to http://localhost:33287 -- received status code 200.
Jun-19 10:55:17.852 [Task submitter] DEBUG n.executor.local.LocalTaskHandler - Launch cmd line: /bin/bash -ue .command.run
Jun-19 10:55:17.852 [Task submitter] INFO  nextflow.Session - [28/b9f3c9] Submitted process > pipeline:medakaVersion
Jun-19 10:55:17.853 [Actor Thread 32] DEBUG nextflow.trace.WebLogObserver - Successfully sent message to http://localhost:33287 -- received status code 200.
Jun-19 10:55:17.854 [Task submitter] DEBUG n.executor.local.LocalTaskHandler - Launch cmd line: /bin/bash -ue .command.run
Jun-19 10:55:17.854 [Task submitter] INFO  nextflow.Session - [20/206302] Submitted process > fastcat (1)
Jun-19 10:55:17.856 [Actor Thread 32] DEBUG nextflow.trace.WebLogObserver - Successfully sent message to http://localhost:33287 -- received status code 200.
Jun-19 10:55:17.890 [Actor Thread 32] DEBUG nextflow.trace.WebLogObserver - Successfully sent message to http://localhost:33287 -- received status code 200.
Jun-19 10:55:17.891 [Actor Thread 32] DEBUG nextflow.trace.WebLogObserver - Successfully sent message to http://localhost:33287 -- received status code 200.
Jun-19 10:55:17.893 [Actor Thread 32] DEBUG nextflow.trace.WebLogObserver - Successfully sent message to http://localhost:33287 -- received status code 200.
Jun-19 10:55:18.126 [Task monitor] DEBUG n.processor.TaskPollingMonitor - Task completed > TaskHandler[id: 2; name: pipeline:getParams; status: COMPLETED; exit: 0; error: -; workDir: /home/user/epi2melabs/instances/wf-clone-validation_01KVESDREQASYBABA987PR6AME/work/b2/a9c042d3fcc7ace8d23bffc91de5e3]
Jun-19 10:55:18.137 [Actor Thread 32] DEBUG nextflow.trace.WebLogObserver - Successfully sent message to http://localhost:33287 -- received status code 200.
Jun-19 10:55:18.147 [Task monitor] DEBUG n.processor.TaskPollingMonitor - Task completed > TaskHandler[id: 1; name: fastcat (1); status: COMPLETED; exit: 0; error: -; workDir: /home/user/epi2melabs/instances/wf-clone-validation_01KVESDREQASYBABA987PR6AME/work/20/206302ef8d8206d31623e02cdeb616]
Jun-19 10:55:18.155 [Actor Thread 32] DEBUG nextflow.trace.WebLogObserver - Successfully sent message to http://localhost:33287 -- received status code 200.
Jun-19 10:55:18.162 [Actor Thread 10] DEBUG nextflow.file.SortFileCollector - FileCollector temp dir not removed: null
Jun-19 10:55:18.171 [Actor Thread 32] DEBUG nextflow.util.CacheHelper - Unable to get file attributes file: /home/user/epi2melabs/instances/wf-clone-validation_01KVESDREQASYBABA987PR6AME/NO_REG_BED -- Cause: java.nio.file.NoSuchFileException: /home/user/epi2melabs/instances/wf-clone-validation_01KVESDREQASYBABA987PR6AME/NO_REG_BED
Jun-19 10:55:18.174 [Task submitter] DEBUG n.executor.local.LocalTaskHandler - Launch cmd line: /bin/bash -ue .command.run
Jun-19 10:55:18.174 [Task submitter] INFO  nextflow.Session - [08/0fd9c5] Submitted process > pipeline:checkIfEnoughReads (1)
Jun-19 10:55:18.176 [Actor Thread 19] DEBUG nextflow.trace.WebLogObserver - Successfully sent message to http://localhost:33287 -- received status code 200.
Jun-19 10:55:18.248 [Actor Thread 19] DEBUG nextflow.trace.WebLogObserver - Successfully sent message to http://localhost:33287 -- received status code 200.
Jun-19 10:55:18.441 [Task monitor] DEBUG n.processor.TaskPollingMonitor - Task completed > TaskHandler[id: 4; name: pipeline:checkIfEnoughReads (1); status: COMPLETED; exit: 0; error: -; workDir: /home/user/epi2melabs/instances/wf-clone-validation_01KVESDREQASYBABA987PR6AME/work/08/0fd9c54119b720228fa82cc72cabe6]
Jun-19 10:55:18.449 [Actor Thread 20] DEBUG nextflow.trace.WebLogObserver - Successfully sent message to http://localhost:33287 -- received status code 200.
Jun-19 10:55:18.461 [Actor Thread 24] DEBUG nextflow.util.CacheHelper - Unable to get file attributes file: /home/user/epi2melabs/instances/wf-clone-validation_01KVESDREQASYBABA987PR6AME/NO_REG_BED -- Cause: java.nio.file.NoSuchFileException: /home/user/epi2melabs/instances/wf-clone-validation_01KVESDREQASYBABA987PR6AME/NO_REG_BED
Jun-19 10:55:18.464 [Task submitter] DEBUG n.executor.local.LocalTaskHandler - Launch cmd line: /bin/bash -ue .command.run
Jun-19 10:55:18.464 [Task submitter] INFO  nextflow.Session - [d4/4e7de7] Submitted process > pipeline:assembleCore (1)
Jun-19 10:55:18.466 [Actor Thread 19] DEBUG nextflow.trace.WebLogObserver - Successfully sent message to http://localhost:33287 -- received status code 200.
Jun-19 10:55:18.543 [Actor Thread 19] DEBUG nextflow.trace.WebLogObserver - Successfully sent message to http://localhost:33287 -- received status code 200.
Jun-19 10:55:19.473 [Task monitor] DEBUG n.processor.TaskPollingMonitor - Task completed > TaskHandler[id: 3; name: pipeline:medakaVersion; status: COMPLETED; exit: 0; error: -; workDir: /home/user/epi2melabs/instances/wf-clone-validation_01KVESDREQASYBABA987PR6AME/work/28/b9f3c999b52bdce273e3da85b4354e]
Jun-19 10:55:19.476 [Actor Thread 14] DEBUG nextflow.trace.WebLogObserver - Successfully sent message to http://localhost:33287 -- received status code 200.
Jun-19 10:55:19.478 [Task submitter] DEBUG n.executor.local.LocalTaskHandler - Launch cmd line: /bin/bash -ue .command.run
Jun-19 10:55:19.478 [Task submitter] INFO  nextflow.Session - [16/7ef713] Submitted process > pipeline:canuVersion
Jun-19 10:55:19.479 [Actor Thread 19] DEBUG nextflow.trace.WebLogObserver - Successfully sent message to http://localhost:33287 -- received status code 200.
Jun-19 10:55:19.576 [Actor Thread 19] DEBUG nextflow.trace.WebLogObserver - Successfully sent message to http://localhost:33287 -- received status code 200.
Jun-19 10:55:19.738 [Task monitor] DEBUG n.processor.TaskPollingMonitor - Task completed > TaskHandler[id: 6; name: pipeline:canuVersion; status: COMPLETED; exit: 0; error: -; workDir: /home/user/epi2melabs/instances/wf-clone-validation_01KVESDREQASYBABA987PR6AME/work/16/7ef71384f35a8d08cc8d097810e4e5]
Jun-19 10:55:19.741 [Actor Thread 23] DEBUG nextflow.trace.WebLogObserver - Successfully sent message to http://localhost:33287 -- received status code 200.
Jun-19 10:55:19.743 [Task submitter] DEBUG n.executor.local.LocalTaskHandler - Launch cmd line: /bin/bash -ue .command.run
Jun-19 10:55:19.743 [Task submitter] INFO  nextflow.Session - [a5/7b9d28] Submitted process > pipeline:getVersions
Jun-19 10:55:19.744 [Actor Thread 19] DEBUG nextflow.trace.WebLogObserver - Successfully sent message to http://localhost:33287 -- received status code 200.
Jun-19 10:55:19.842 [Actor Thread 19] DEBUG nextflow.trace.WebLogObserver - Successfully sent message to http://localhost:33287 -- received status code 200.
Jun-19 10:55:21.203 [Task monitor] DEBUG n.processor.TaskPollingMonitor - Task completed > TaskHandler[id: 7; name: pipeline:getVersions; status: COMPLETED; exit: 0; error: -; workDir: /home/user/epi2melabs/instances/wf-clone-validation_01KVESDREQASYBABA987PR6AME/work/a5/7b9d2899be15198e9636ec0b686392]
Jun-19 10:55:21.206 [Actor Thread 19] DEBUG nextflow.trace.WebLogObserver - Successfully sent message to http://localhost:33287 -- received status code 200.
Jun-19 10:55:44.364 [Task monitor] DEBUG n.processor.TaskPollingMonitor - Task completed > TaskHandler[id: 5; name: pipeline:assembleCore (1); status: COMPLETED; exit: 0; error: -; workDir: /home/user/epi2melabs/instances/wf-clone-validation_01KVESDREQASYBABA987PR6AME/work/d4/4e7de7efb26cf814385ce5b82b86a6]
Jun-19 10:55:44.367 [Actor Thread 22] DEBUG nextflow.util.CacheHelper - Unable to get file attributes file: /home/user/epi2melabs/instances/wf-clone-validation_01KVESDREQASYBABA987PR6AME/NO_REG_BED -- Cause: java.nio.file.NoSuchFileException: /home/user/epi2melabs/instances/wf-clone-validation_01KVESDREQASYBABA987PR6AME/NO_REG_BED
Jun-19 10:55:44.368 [Actor Thread 32] DEBUG nextflow.trace.WebLogObserver - Successfully sent message to http://localhost:33287 -- received status code 200.
Jun-19 10:55:44.370 [Task submitter] DEBUG n.executor.local.LocalTaskHandler - Launch cmd line: /bin/bash -ue .command.run
Jun-19 10:55:44.370 [Task submitter] INFO  nextflow.Session - [d6/df25ba] Submitted process > pipeline:downsampledStats (1)
Jun-19 10:55:44.371 [Actor Thread 14] DEBUG nextflow.trace.WebLogObserver - Successfully sent message to http://localhost:33287 -- received status code 200.
Jun-19 10:55:44.375 [Actor Thread 24] DEBUG nextflow.util.CacheHelper - Unable to get file attributes file: /home/user/epi2melabs/instances/wf-clone-validation_01KVESDREQASYBABA987PR6AME/NO_REG_BED -- Cause: java.nio.file.NoSuchFileException: /home/user/epi2melabs/instances/wf-clone-validation_01KVESDREQASYBABA987PR6AME/NO_REG_BED
Jun-19 10:55:44.378 [Task submitter] DEBUG n.executor.local.LocalTaskHandler - Launch cmd line: /bin/bash -ue .command.run
Jun-19 10:55:44.378 [Task submitter] INFO  nextflow.Session - [b8/0f78fa] Submitted process > pipeline:medakaPolishAssembly (1)
Jun-19 10:55:44.379 [Actor Thread 32] DEBUG nextflow.trace.WebLogObserver - Successfully sent message to http://localhost:33287 -- received status code 200.
Jun-19 10:55:44.468 [Actor Thread 32] DEBUG nextflow.trace.WebLogObserver - Successfully sent message to http://localhost:33287 -- received status code 200.
Jun-19 10:55:44.469 [Actor Thread 32] DEBUG nextflow.trace.WebLogObserver - Successfully sent message to http://localhost:33287 -- received status code 200.
Jun-19 10:55:44.620 [Task monitor] DEBUG n.processor.TaskPollingMonitor - Task completed > TaskHandler[id: 8; name: pipeline:downsampledStats (1); status: COMPLETED; exit: 0; error: -; workDir: /home/user/epi2melabs/instances/wf-clone-validation_01KVESDREQASYBABA987PR6AME/work/d6/df25ba4282cfa79dbf6b42d6fd535e]
Jun-19 10:55:44.624 [Actor Thread 32] DEBUG nextflow.trace.WebLogObserver - Successfully sent message to http://localhost:33287 -- received status code 200.
Jun-19 10:55:54.532 [Task monitor] DEBUG n.processor.TaskPollingMonitor - Task completed > TaskHandler[id: 9; name: pipeline:medakaPolishAssembly (1); status: COMPLETED; exit: 0; error: -; workDir: /home/user/epi2melabs/instances/wf-clone-validation_01KVESDREQASYBABA987PR6AME/work/b8/0f78fa6d7571658101fa066482dd29]
Jun-19 10:55:54.535 [Actor Thread 14] DEBUG nextflow.util.CacheHelper - Unable to get file attributes file: /home/user/epi2melabs/instances/wf-clone-validation_01KVESDREQASYBABA987PR6AME/NO_REG_BED -- Cause: java.nio.file.NoSuchFileException: /home/user/epi2melabs/instances/wf-clone-validation_01KVESDREQASYBABA987PR6AME/NO_REG_BED
Jun-19 10:55:54.536 [Actor Thread 23] DEBUG nextflow.trace.WebLogObserver - Successfully sent message to http://localhost:33287 -- received status code 200.
Jun-19 10:55:54.538 [Task submitter] DEBUG n.executor.local.LocalTaskHandler - Launch cmd line: /bin/bash -ue .command.run
Jun-19 10:55:54.538 [Task submitter] INFO  nextflow.Session - [aa/9b5313] Submitted process > pipeline:reorientateFastqAndGetFasta (1)
Jun-19 10:55:54.540 [Actor Thread 32] DEBUG nextflow.trace.WebLogObserver - Successfully sent message to http://localhost:33287 -- received status code 200.
Jun-19 10:55:54.634 [Actor Thread 32] DEBUG nextflow.trace.WebLogObserver - Successfully sent message to http://localhost:33287 -- received status code 200.
Jun-19 10:55:54.757 [Task monitor] DEBUG n.processor.TaskPollingMonitor - Task completed > TaskHandler[id: 10; name: pipeline:reorientateFastqAndGetFasta (1); status: COMPLETED; exit: 0; error: -; workDir: /home/user/epi2melabs/instances/wf-clone-validation_01KVESDREQASYBABA987PR6AME/work/aa/9b5313414540c9f21de46ed06a6728]
Jun-19 10:55:54.760 [Actor Thread 17] DEBUG nextflow.util.CacheHelper - Unable to get file attributes file: /home/user/epi2melabs/instances/wf-clone-validation_01KVESDREQASYBABA987PR6AME/NO_REG_BED -- Cause: java.nio.file.NoSuchFileException: /home/user/epi2melabs/instances/wf-clone-validation_01KVESDREQASYBABA987PR6AME/NO_REG_BED
Jun-19 10:55:54.760 [Actor Thread 21] DEBUG nextflow.util.CacheHelper - Unable to get file attributes file: /home/user/epi2melabs/instances/wf-clone-validation_01KVESDREQASYBABA987PR6AME/NO_REG_BED -- Cause: java.nio.file.NoSuchFileException: /home/user/epi2melabs/instances/wf-clone-validation_01KVESDREQASYBABA987PR6AME/NO_REG_BED
Jun-19 10:55:54.761 [Actor Thread 28] DEBUG nextflow.trace.WebLogObserver - Successfully sent message to http://localhost:33287 -- received status code 200.
Jun-19 10:55:54.763 [Task submitter] DEBUG n.executor.local.LocalTaskHandler - Launch cmd line: /bin/bash -ue .command.run
Jun-19 10:55:54.763 [Task submitter] INFO  nextflow.Session - [b8/05846e] Submitted process > pipeline:assembly_qc (1)
Jun-19 10:55:54.764 [Actor Thread 28] DEBUG nextflow.trace.WebLogObserver - Successfully sent message to http://localhost:33287 -- received status code 200.
Jun-19 10:55:54.764 [Task submitter] DEBUG n.executor.local.LocalTaskHandler - Launch cmd line: /bin/bash -ue .command.run
Jun-19 10:55:54.765 [Task submitter] INFO  nextflow.Session - [bd/94f635] Submitted process > pipeline:assemblyMafs (1)
Jun-19 10:55:54.765 [Actor Thread 28] DEBUG nextflow.trace.WebLogObserver - Successfully sent message to http://localhost:33287 -- received status code 200.
Jun-19 10:55:54.773 [Actor Thread 24] DEBUG nextflow.util.CacheHelper - Unable to get file attributes file: /home/user/epi2melabs/instances/wf-clone-validation_01KVESDREQASYBABA987PR6AME/NO_REG_BED -- Cause: java.nio.file.NoSuchFileException: /home/user/epi2melabs/instances/wf-clone-validation_01KVESDREQASYBABA987PR6AME/NO_REG_BED
Jun-19 10:55:54.776 [Task submitter] DEBUG n.executor.local.LocalTaskHandler - Launch cmd line: /bin/bash -ue .command.run
Jun-19 10:55:54.776 [Task submitter] INFO  nextflow.Session - [59/6d878c] Submitted process > pipeline:findPrimers (1)
Jun-19 10:55:54.778 [Actor Thread 12] DEBUG nextflow.trace.WebLogObserver - Successfully sent message to http://localhost:33287 -- received status code 200.
Jun-19 10:55:54.860 [Actor Thread 12] DEBUG nextflow.trace.WebLogObserver - Successfully sent message to http://localhost:33287 -- received status code 200.
Jun-19 10:55:54.861 [Actor Thread 12] DEBUG nextflow.trace.WebLogObserver - Successfully sent message to http://localhost:33287 -- received status code 200.
Jun-19 10:55:54.861 [Actor Thread 12] DEBUG nextflow.trace.WebLogObserver - Successfully sent message to http://localhost:33287 -- received status code 200.
Jun-19 10:55:54.990 [Task monitor] DEBUG n.processor.TaskPollingMonitor - Task completed > TaskHandler[id: 11; name: pipeline:findPrimers (1); status: COMPLETED; exit: 0; error: -; workDir: /home/user/epi2melabs/instances/wf-clone-validation_01KVESDREQASYBABA987PR6AME/work/59/6d878c7eb6212e5f0f0abd1b2395ce]
Jun-19 10:55:55.017 [Task monitor] DEBUG nextflow.processor.TaskProcessor - Process pipeline:findPrimers > Skipping output binding because one or more optional files are missing: fileoutparam<0:2>
Jun-19 10:55:55.019 [Actor Thread 21] DEBUG nextflow.trace.WebLogObserver - Successfully sent message to http://localhost:33287 -- received status code 200.
Jun-19 10:55:55.024 [Task submitter] DEBUG n.executor.local.LocalTaskHandler - Launch cmd line: /bin/bash -ue .command.run
Jun-19 10:55:55.024 [Task submitter] INFO  nextflow.Session - [90/69fc07] Submitted process > pipeline:inserts (1)
Jun-19 10:55:55.025 [Actor Thread 28] DEBUG nextflow.trace.WebLogObserver - Successfully sent message to http://localhost:33287 -- received status code 200.
Jun-19 10:55:55.091 [Task monitor] DEBUG n.processor.TaskPollingMonitor - Task completed > TaskHandler[id: 12; name: pipeline:assembly_qc (1); status: COMPLETED; exit: 0; error: -; workDir: /home/user/epi2melabs/instances/wf-clone-validation_01KVESDREQASYBABA987PR6AME/work/b8/05846e393b8c16c20c241a1d52d893]
Jun-19 10:55:55.094 [Actor Thread 28] DEBUG nextflow.trace.WebLogObserver - Successfully sent message to http://localhost:33287 -- received status code 200.
Jun-19 10:55:55.094 [Actor Thread 28] DEBUG nextflow.trace.WebLogObserver - Successfully sent message to http://localhost:33287 -- received status code 200.
Jun-19 10:55:55.867 [Task monitor] DEBUG n.processor.TaskPollingMonitor - Task completed > TaskHandler[id: 13; name: pipeline:assemblyMafs (1); status: COMPLETED; exit: 0; error: -; workDir: /home/user/epi2melabs/instances/wf-clone-validation_01KVESDREQASYBABA987PR6AME/work/bd/94f6358e4d982830455c43b2a294a3]
Jun-19 10:55:55.870 [Actor Thread 24] DEBUG nextflow.trace.WebLogObserver - Successfully sent message to http://localhost:33287 -- received status code 200.
Jun-19 10:55:55.925 [Task monitor] DEBUG n.processor.TaskPollingMonitor - Task completed > TaskHandler[id: 14; name: pipeline:inserts (1); status: COMPLETED; exit: 0; error: -; workDir: /home/user/epi2melabs/instances/wf-clone-validation_01KVESDREQASYBABA987PR6AME/work/90/69fc075cd2d0d78c533f864efb56e4]
Jun-19 10:55:55.926 [Task monitor] DEBUG nextflow.processor.TaskProcessor - Process pipeline:inserts > Skipping output binding because one or more optional files are missing: fileoutparam<0>
Jun-19 10:55:55.928 [Actor Thread 21] DEBUG nextflow.trace.WebLogObserver - Successfully sent message to http://localhost:33287 -- received status code 200.
Jun-19 10:55:55.940 [Actor Thread 11] DEBUG nextflow.sort.BigSort - Sort completed -- entries: 1; slices: 1; internal sort time: 0.0 s; external sort time: 0.005 s; total time: 0.005 s
Jun-19 10:55:55.941 [Actor Thread 11] DEBUG nextflow.file.FileCollector - Saved collect-files list to: /home/user/epi2melabs/instances/wf-clone-validation_01KVESDREQASYBABA987PR6AME/work/collect-file/5712e3c7c9efd2524997beef021cb5ac
Jun-19 10:55:55.943 [Actor Thread 11] DEBUG nextflow.file.FileCollector - Deleting file collector temp dir: /tmp/nxf-15868766958390197217
Jun-19 10:55:55.945 [Task submitter] DEBUG n.executor.local.LocalTaskHandler - Launch cmd line: /bin/bash -ue .command.run
Jun-19 10:55:55.945 [Task submitter] INFO  nextflow.Session - [94/97456d] Submitted process > pipeline:runPlannotate (1)
Jun-19 10:55:55.946 [Actor Thread 11] DEBUG nextflow.trace.WebLogObserver - Successfully sent message to http://localhost:33287 -- received status code 200.
Jun-19 10:55:56.027 [Actor Thread 11] DEBUG nextflow.trace.WebLogObserver - Successfully sent message to http://localhost:33287 -- received status code 200.
Jun-19 10:56:00.473 [Task monitor] DEBUG n.processor.TaskPollingMonitor - Task completed > TaskHandler[id: 15; name: pipeline:runPlannotate (1); status: COMPLETED; exit: 0; error: -; workDir: /home/user/epi2melabs/instances/wf-clone-validation_01KVESDREQASYBABA987PR6AME/work/94/97456d68c7c0bf65dded45df3c0cba]
Jun-19 10:56:00.476 [Actor Thread 12] DEBUG nextflow.trace.WebLogObserver - Successfully sent message to http://localhost:33287 -- received status code 200.
Jun-19 10:56:00.491 [Task submitter] DEBUG n.executor.local.LocalTaskHandler - Launch cmd line: /bin/bash -ue .command.run
Jun-19 10:56:00.491 [Task submitter] INFO  nextflow.Session - [64/7193e2] Submitted process > pipeline:report (1)
Jun-19 10:56:00.492 [Actor Thread 28] DEBUG nextflow.trace.WebLogObserver - Successfully sent message to http://localhost:33287 -- received status code 200.
Jun-19 10:56:00.575 [Actor Thread 28] DEBUG nextflow.trace.WebLogObserver - Successfully sent message to http://localhost:33287 -- received status code 200.
Jun-19 10:56:08.243 [Task monitor] DEBUG n.processor.TaskPollingMonitor - Task completed > TaskHandler[id: 16; name: pipeline:report (1); status: COMPLETED; exit: 0; error: -; workDir: /home/user/epi2melabs/instances/wf-clone-validation_01KVESDREQASYBABA987PR6AME/work/64/7193e27daf9c99ae65dc04109d32fc]
Jun-19 10:56:08.246 [Task monitor] DEBUG nextflow.processor.TaskProcessor - Process pipeline:report > Skipping output binding because one or more optional files are missing: fileoutparam<2>
Jun-19 10:56:08.249 [Actor Thread 19] DEBUG nextflow.trace.WebLogObserver - Successfully sent message to http://localhost:33287 -- received status code 200.
Jun-19 10:56:08.250 [Task submitter] DEBUG n.executor.local.LocalTaskHandler - Launch cmd line: /bin/bash -ue .command.run
Jun-19 10:56:08.250 [Task submitter] INFO  nextflow.Session - [5d/6a30e5] Submitted process > publish (3)
Jun-19 10:56:08.251 [Task submitter] DEBUG n.executor.local.LocalTaskHandler - Launch cmd line: /bin/bash -ue .command.run
Jun-19 10:56:08.251 [Actor Thread 23] DEBUG nextflow.trace.WebLogObserver - Successfully sent message to http://localhost:33287 -- received status code 200.
Jun-19 10:56:08.251 [Task submitter] INFO  nextflow.Session - [28/476a49] Submitted process > publish (1)
Jun-19 10:56:08.252 [Task submitter] DEBUG n.executor.local.LocalTaskHandler - Launch cmd line: /bin/bash -ue .command.run
Jun-19 10:56:08.253 [Task submitter] INFO  nextflow.Session - [74/5f23c2] Submitted process > publish (4)
Jun-19 10:56:08.253 [Actor Thread 23] DEBUG nextflow.trace.WebLogObserver - Successfully sent message to http://localhost:33287 -- received status code 200.
Jun-19 10:56:08.254 [Actor Thread 23] DEBUG nextflow.trace.WebLogObserver - Successfully sent message to http://localhost:33287 -- received status code 200.
Jun-19 10:56:08.254 [Task submitter] DEBUG n.executor.local.LocalTaskHandler - Launch cmd line: /bin/bash -ue .command.run
Jun-19 10:56:08.254 [Task submitter] INFO  nextflow.Session - [03/dd0303] Submitted process > publish (9)
Jun-19 10:56:08.255 [Actor Thread 23] DEBUG nextflow.trace.WebLogObserver - Successfully sent message to http://localhost:33287 -- received status code 200.
Jun-19 10:56:08.255 [Task submitter] DEBUG n.executor.local.LocalTaskHandler - Launch cmd line: /bin/bash -ue .command.run
Jun-19 10:56:08.255 [Task submitter] INFO  nextflow.Session - [93/2ba184] Submitted process > publish (6)
Jun-19 10:56:08.256 [Actor Thread 23] DEBUG nextflow.trace.WebLogObserver - Successfully sent message to http://localhost:33287 -- received status code 200.
Jun-19 10:56:08.256 [Task submitter] DEBUG n.executor.local.LocalTaskHandler - Launch cmd line: /bin/bash -ue .command.run
Jun-19 10:56:08.257 [Task submitter] INFO  nextflow.Session - [d7/66a201] Submitted process > publish (2)
Jun-19 10:56:08.258 [Task submitter] DEBUG n.executor.local.LocalTaskHandler - Launch cmd line: /bin/bash -ue .command.run
Jun-19 10:56:08.258 [Task submitter] INFO  nextflow.Session - [c5/1c814d] Submitted process > publish (10)
Jun-19 10:56:08.258 [Actor Thread 23] DEBUG nextflow.trace.WebLogObserver - Successfully sent message to http://localhost:33287 -- received status code 200.
Jun-19 10:56:08.259 [Actor Thread 23] DEBUG nextflow.trace.WebLogObserver - Successfully sent message to http://localhost:33287 -- received status code 200.
Jun-19 10:56:08.260 [Task submitter] DEBUG n.executor.local.LocalTaskHandler - Launch cmd line: /bin/bash -ue .command.run
Jun-19 10:56:08.260 [Task submitter] INFO  nextflow.Session - [85/4124b8] Submitted process > publish (7)
Jun-19 10:56:08.262 [Actor Thread 23] DEBUG nextflow.trace.WebLogObserver - Successfully sent message to http://localhost:33287 -- received status code 200.
Jun-19 10:56:08.263 [Task submitter] DEBUG n.executor.local.LocalTaskHandler - Launch cmd line: /bin/bash -ue .command.run
Jun-19 10:56:08.263 [Task submitter] INFO  nextflow.Session - [51/358747] Submitted process > publish (8)
Jun-19 10:56:08.264 [Actor Thread 23] DEBUG nextflow.trace.WebLogObserver - Successfully sent message to http://localhost:33287 -- received status code 200.
Jun-19 10:56:08.264 [Task submitter] DEBUG n.executor.local.LocalTaskHandler - Launch cmd line: /bin/bash -ue .command.run
Jun-19 10:56:08.265 [Task submitter] INFO  nextflow.Session - [ec/edd95a] Submitted process > publish (11)
Jun-19 10:56:08.266 [Actor Thread 23] DEBUG nextflow.trace.WebLogObserver - Successfully sent message to http://localhost:33287 -- received status code 200.
Jun-19 10:56:08.266 [Task submitter] DEBUG n.executor.local.LocalTaskHandler - Launch cmd line: /bin/bash -ue .command.run
Jun-19 10:56:08.266 [Task submitter] INFO  nextflow.Session - [05/5776e3] Submitted process > publish (5)
Jun-19 10:56:08.268 [Actor Thread 23] DEBUG nextflow.trace.WebLogObserver - Successfully sent message to http://localhost:33287 -- received status code 200.
Jun-19 10:56:08.346 [Actor Thread 23] DEBUG nextflow.trace.WebLogObserver - Successfully sent message to http://localhost:33287 -- received status code 200.
Jun-19 10:56:08.347 [Actor Thread 23] DEBUG nextflow.trace.WebLogObserver - Successfully sent message to http://localhost:33287 -- received status code 200.
Jun-19 10:56:08.347 [Actor Thread 23] DEBUG nextflow.trace.WebLogObserver - Successfully sent message to http://localhost:33287 -- received status code 200.
Jun-19 10:56:08.348 [Actor Thread 23] DEBUG nextflow.trace.WebLogObserver - Successfully sent message to http://localhost:33287 -- received status code 200.
Jun-19 10:56:08.348 [Actor Thread 23] DEBUG nextflow.trace.WebLogObserver - Successfully sent message to http://localhost:33287 -- received status code 200.
Jun-19 10:56:08.349 [Actor Thread 23] DEBUG nextflow.trace.WebLogObserver - Successfully sent message to http://localhost:33287 -- received status code 200.
Jun-19 10:56:08.349 [Actor Thread 23] DEBUG nextflow.trace.WebLogObserver - Successfully sent message to http://localhost:33287 -- received status code 200.
Jun-19 10:56:08.350 [Actor Thread 23] DEBUG nextflow.trace.WebLogObserver - Successfully sent message to http://localhost:33287 -- received status code 200.
Jun-19 10:56:08.350 [Actor Thread 23] DEBUG nextflow.trace.WebLogObserver - Successfully sent message to http://localhost:33287 -- received status code 200.
Jun-19 10:56:08.351 [Actor Thread 23] DEBUG nextflow.trace.WebLogObserver - Successfully sent message to http://localhost:33287 -- received status code 200.
Jun-19 10:56:08.351 [Actor Thread 23] DEBUG nextflow.trace.WebLogObserver - Successfully sent message to http://localhost:33287 -- received status code 200.
Jun-19 10:56:08.548 [Task monitor] DEBUG n.processor.TaskPollingMonitor - Task completed > TaskHandler[id: 20; name: publish (4); status: COMPLETED; exit: 0; error: -; workDir: /home/user/epi2melabs/instances/wf-clone-validation_01KVESDREQASYBABA987PR6AME/work/74/5f23c2d6af072b699a47e60686424e]
Jun-19 10:56:08.552 [Task monitor] DEBUG nextflow.util.ThreadPoolBuilder - Creating thread pool 'PublishDir' minSize=10; maxSize=96; workQueue=LinkedBlockingQueue[10000]; allowCoreThreadTimeout=false
Jun-19 10:56:08.554 [Actor Thread 29] DEBUG nextflow.trace.WebLogObserver - Successfully sent message to http://localhost:33287 -- received status code 200.
Jun-19 10:56:08.683 [Task monitor] DEBUG n.processor.TaskPollingMonitor - Task completed > TaskHandler[id: 19; name: publish (3); status: COMPLETED; exit: 0; error: -; workDir: /home/user/epi2melabs/instances/wf-clone-validation_01KVESDREQASYBABA987PR6AME/work/5d/6a30e5f5c7ffb83421d6f58b4ee3a1]
Jun-19 10:56:08.687 [Actor Thread 21] DEBUG nextflow.trace.WebLogObserver - Successfully sent message to http://localhost:33287 -- received status code 200.
Jun-19 10:56:08.730 [Task monitor] DEBUG n.processor.TaskPollingMonitor - Task completed > TaskHandler[id: 25; name: publish (9); status: COMPLETED; exit: 0; error: -; workDir: /home/user/epi2melabs/instances/wf-clone-validation_01KVESDREQASYBABA987PR6AME/work/03/dd03032ea528b980d78fa9ad3032c3]
Jun-19 10:56:08.733 [Actor Thread 23] DEBUG nextflow.trace.WebLogObserver - Successfully sent message to http://localhost:33287 -- received status code 200.
Jun-19 10:56:08.774 [Task monitor] DEBUG n.processor.TaskPollingMonitor - Task completed > TaskHandler[id: 22; name: publish (6); status: COMPLETED; exit: 0; error: -; workDir: /home/user/epi2melabs/instances/wf-clone-validation_01KVESDREQASYBABA987PR6AME/work/93/2ba184f2f6cdb0f6ed71228a08fe59]
Jun-19 10:56:08.776 [Actor Thread 21] DEBUG nextflow.trace.WebLogObserver - Successfully sent message to http://localhost:33287 -- received status code 200.
Jun-19 10:56:08.818 [Task monitor] DEBUG n.processor.TaskPollingMonitor - Task completed > TaskHandler[id: 23; name: publish (7); status: COMPLETED; exit: 0; error: -; workDir: /home/user/epi2melabs/instances/wf-clone-validation_01KVESDREQASYBABA987PR6AME/work/85/4124b8e58515613c0cf7b288eb10ec]
Jun-19 10:56:08.825 [Actor Thread 21] DEBUG nextflow.trace.WebLogObserver - Successfully sent message to http://localhost:33287 -- received status code 200.
Jun-19 10:56:08.858 [Task monitor] DEBUG n.processor.TaskPollingMonitor - Task completed > TaskHandler[id: 18; name: publish (2); status: COMPLETED; exit: 0; error: -; workDir: /home/user/epi2melabs/instances/wf-clone-validation_01KVESDREQASYBABA987PR6AME/work/d7/66a2014a0464873d7ebd8ec9834051]
Jun-19 10:56:08.862 [Actor Thread 29] DEBUG nextflow.trace.WebLogObserver - Successfully sent message to http://localhost:33287 -- received status code 200.
Jun-19 10:56:09.018 [Task monitor] DEBUG n.processor.TaskPollingMonitor - Task completed > TaskHandler[id: 21; name: publish (5); status: COMPLETED; exit: 0; error: -; workDir: /home/user/epi2melabs/instances/wf-clone-validation_01KVESDREQASYBABA987PR6AME/work/05/5776e3534ac4ca4dface1a5549220c]
Jun-19 10:56:09.021 [Actor Thread 21] DEBUG nextflow.trace.WebLogObserver - Successfully sent message to http://localhost:33287 -- received status code 200.
Jun-19 10:56:09.085 [Task monitor] DEBUG n.processor.TaskPollingMonitor - Task completed > TaskHandler[id: 27; name: publish (11); status: COMPLETED; exit: 0; error: -; workDir: /home/user/epi2melabs/instances/wf-clone-validation_01KVESDREQASYBABA987PR6AME/work/ec/edd95a2562cf54dfcc9a8a9a22055c]
Jun-19 10:56:09.087 [Actor Thread 23] DEBUG nextflow.trace.WebLogObserver - Successfully sent message to http://localhost:33287 -- received status code 200.
Jun-19 10:56:09.137 [Task monitor] DEBUG n.processor.TaskPollingMonitor - Task completed > TaskHandler[id: 26; name: publish (10); status: COMPLETED; exit: 0; error: -; workDir: /home/user/epi2melabs/instances/wf-clone-validation_01KVESDREQASYBABA987PR6AME/work/c5/1c814df59487a0d08a28d05b750e49]
Jun-19 10:56:09.147 [Actor Thread 21] DEBUG nextflow.trace.WebLogObserver - Successfully sent message to http://localhost:33287 -- received status code 200.
Jun-19 10:56:09.186 [Task monitor] DEBUG n.processor.TaskPollingMonitor - Task completed > TaskHandler[id: 24; name: publish (8); status: COMPLETED; exit: 0; error: -; workDir: /home/user/epi2melabs/instances/wf-clone-validation_01KVESDREQASYBABA987PR6AME/work/51/35874714b9806cccac9b2e1205cc90]
Jun-19 10:56:09.188 [Actor Thread 23] DEBUG nextflow.trace.WebLogObserver - Successfully sent message to http://localhost:33287 -- received status code 200.
Jun-19 10:56:09.239 [Task monitor] DEBUG n.processor.TaskPollingMonitor - Task completed > TaskHandler[id: 17; name: publish (1); status: COMPLETED; exit: 0; error: -; workDir: /home/user/epi2melabs/instances/wf-clone-validation_01KVESDREQASYBABA987PR6AME/work/28/476a49c678a9df38306a74b708d076]
Jun-19 10:56:09.240 [main] DEBUG nextflow.Session - Session await > all processes finished
Jun-19 10:56:09.242 [Actor Thread 29] DEBUG nextflow.trace.WebLogObserver - Successfully sent message to http://localhost:33287 -- received status code 200.
Jun-19 10:56:09.242 [main] DEBUG nextflow.Session - Session await > all barriers passed
Jun-19 10:56:09.244 [main] DEBUG nextflow.util.ThreadPoolManager - Thread pool 'PublishDir' shutdown completed (hard=false)
Jun-19 10:56:10.581 [main] DEBUG nextflow.trace.WorkflowStatsObserver - Workflow completed > WorkflowStats[succeededCount=27; failedCount=0; ignoredCount=0; cachedCount=0; pendingCount=0; submittedCount=0; runningCount=0; retriesCount=0; abortedCount=0; succeedDuration=9m 47s; failedDuration=0ms; cachedDuration=0ms;loadCpus=0; loadMemory=0; peakRunning=11; peakCpus=17; peakMemory=9 GB; ]
Jun-19 10:56:10.581 [main] DEBUG nextflow.trace.TraceFileObserver - Workflow completed -- saving trace file
Jun-19 10:56:10.582 [main] DEBUG nextflow.trace.ReportObserver - Workflow completed -- rendering execution report
Jun-19 10:56:10.600 [main] DEBUG nextflow.trace.ReportObserver - Execution report summary data:
  [{"cpuUsage":null,"process":"getParams","mem":null,"memUsage":null,"timeUsage":null,"vmem":null,"reads":{"mean":56725,"min":56725,"q1":56725,"q2":56725,"q3":56725,"max":56725,"minLabel":"pipeline:getParams","maxLabel":"pipeline:getParams","q1Label":"pipeline:getParams","q2Label":"pipeline:getParams","q3Label":"pipeline:getParams"},"cpu":null,"time":{"mean":2,"min":2,"q1":2,"q2":2,"q3":2,"max":2,"minLabel":"pipeline:getParams","maxLabel":"pipeline:getParams","q1Label":"pipeline:getParams","q2Label":"pipeline:getParams","q3Label":"pipeline:getParams"},"writes":{"mean":2264,"min":2264,"q1":2264,"q2":2264,"q3":2264,"max":2264,"minLabel":"pipeline:getParams","maxLabel":"pipeline:getParams","q1Label":"pipeline:getParams","q2Label":"pipeline:getParams","q3Label":"pipeline:getParams"}},{"cpuUsage":{"mean":26.15,"min":26.15,"q1":26.15,"q2":26.15,"q3":26.15,"max":26.15,"minLabel":"fastcat (1)","maxLabel":"fastcat (1)","q1Label":"fastcat (1)","q2Label":"fastcat (1)","q3Label":"fastcat (1)"},"process":"fastcat","mem":{"mean":48988160,"min":48988160,"q1":48988160,"q2":48988160,"q3":48988160,"max":48988160,"minLabel":"fastcat (1)","maxLabel":"fastcat (1)","q1Label":"fastcat (1)","q2Label":"fastcat (1)","q3Label":"fastcat (1)"},"memUsage":{"mean":2.28,"min":2.28,"q1":2.28,"q2":2.28,"q3":2.28,"max":2.28,"minLabel":"fastcat (1)","maxLabel":"fastcat (1)","q1Label":"fastcat (1)","q2Label":"fastcat (1)","q3Label":"fastcat (1)"},"timeUsage":null,"vmem":{"mean":570466304,"min":570466304,"q1":570466304,"q2":570466304,"q3":570466304,"max":570466304,"minLabel":"fastcat (1)","maxLabel":"fastcat (1)","q1Label":"fastcat (1)","q2Label":"fastcat (1)","q3Label":"fastcat (1)"},"reads":{"mean":2088967,"min":2088967,"q1":2088967,"q2":2088967,"q3":2088967,"max":2088967,"minLabel":"fastcat (1)","maxLabel":"fastcat (1)","q1Label":"fastcat (1)","q2Label":"fastcat (1)","q3Label":"fastcat (1)"},"cpu":{"mean":104.6,"min":104.6,"q1":104.6,"q2":104.6,"q3":104.6,"max":104.6,"minLabel":"fastcat (1)","maxLabel":"fastcat (1)","q1Label":"fastcat (1)","q2Label":"fastcat (1)","q3Label":"fastcat (1)"},"time":{"mean":45,"min":45,"q1":45,"q2":45,"q3":45,"max":45,"minLabel":"fastcat (1)","maxLabel":"fastcat (1)","q1Label":"fastcat (1)","q2Label":"fastcat (1)","q3Label":"fastcat (1)"},"writes":{"mean":1993253,"min":1993253,"q1":1993253,"q2":1993253,"q3":1993253,"max":1993253,"minLabel":"fastcat (1)","maxLabel":"fastcat (1)","q1Label":"fastcat (1)","q2Label":"fastcat (1)","q3Label":"fastcat (1)"}},{"cpuUsage":{"mean":5.71,"min":5.71,"q1":5.71,"q2":5.71,"q3":5.71,"max":5.71,"minLabel":"pipeline:checkIfEnoughReads (1)","maxLabel":"pipeline:checkIfEnoughReads (1)","q1Label":"pipeline:checkIfEnoughReads (1)","q2Label":"pipeline:checkIfEnoughReads (1)","q3Label":"pipeline:checkIfEnoughReads (1)"},"process":"checkIfEnoughReads","mem":{"mean":46219264,"min":46219264,"q1":46219264,"q2":46219264,"q3":46219264,"max":46219264,"minLabel":"pipeline:checkIfEnoughReads (1)","maxLabel":"pipeline:checkIfEnoughReads (1)","q1Label":"pipeline:checkIfEnoughReads (1)","q2Label":"pipeline:checkIfEnoughReads (1)","q3Label":"pipeline:checkIfEnoughReads (1)"},"memUsage":{"mean":2.15,"min":2.15,"q1":2.15,"q2":2.15,"q3":2.15,"max":2.15,"minLabel":"pipeline:checkIfEnoughReads (1)","maxLabel":"pipeline:checkIfEnoughReads (1)","q1Label":"pipeline:checkIfEnoughReads (1)","q2Label":"pipeline:checkIfEnoughReads (1)","q3Label":"pipeline:checkIfEnoughReads (1)"},"timeUsage":null,"vmem":{"mean":309678080,"min":309678080,"q1":309678080,"q2":309678080,"q3":309678080,"max":309678080,"minLabel":"pipeline:checkIfEnoughReads (1)","maxLabel":"pipeline:checkIfEnoughReads (1)","q1Label":"pipeline:checkIfEnoughReads (1)","q2Label":"pipeline:checkIfEnoughReads (1)","q3Label":"pipeline:checkIfEnoughReads (1)"},"reads":{"mean":2110208,"min":2110208,"q1":2110208,"q2":2110208,"q3":2110208,"max":2110208,"minLabel":"pipeline:checkIfEnoughReads (1)","maxLabel":"pipeline:checkIfEnoughReads (1)","q1Label":"pipeline:checkIfEnoughReads (1)","q2Label":"pipeline:checkIfEnoughReads (1)","q3Label":"pipeline:checkIfEnoughReads (1)"},"cpu":{"mean":91.4,"min":91.4,"q1":91.4,"q2":91.4,"q3":91.4,"max":91.4,"minLabel":"pipeline:checkIfEnoughReads (1)","maxLabel":"pipeline:checkIfEnoughReads (1)","q1Label":"pipeline:checkIfEnoughReads (1)","q2Label":"pipeline:checkIfEnoughReads (1)","q3Label":"pipeline:checkIfEnoughReads (1)"},"time":{"mean":41,"min":41,"q1":41,"q2":41,"q3":41,"max":41,"minLabel":"pipeline:checkIfEnoughReads (1)","maxLabel":"pipeline:checkIfEnoughReads (1)","q1Label":"pipeline:checkIfEnoughReads (1)","q2Label":"pipeline:checkIfEnoughReads (1)","q3Label":"pipeline:checkIfEnoughReads (1)"},"writes":{"mean":2011401,"min":2011401,"q1":2011401,"q2":2011401,"q3":2011401,"max":2011401,"minLabel":"pipeline:checkIfEnoughReads (1)","maxLabel":"pipeline:checkIfEnoughReads (1)","q1Label":"pipeline:checkIfEnoughReads (1)","q2Label":"pipeline:checkIfEnoughReads (1)","q3Label":"pipeline:checkIfEnoughReads (1)"}},{"cpuUsage":{"mean":99.5,"min":99.5,"q1":99.5,"q2":99.5,"q3":99.5,"max":99.5,"minLabel":"pipeline:medakaVersion","maxLabel":"pipeline:medakaVersion","q1Label":"pipeline:medakaVersion","q2Label":"pipeline:medakaVersion","q3Label":"pipeline:medakaVersion"},"process":"medakaVersion","mem":{"mean":331280384,"min":331280384,"q1":331280384,"q2":331280384,"q3":331280384,"max":331280384,"minLabel":"pipeline:medakaVersion","maxLabel":"pipeline:medakaVersion","q1Label":"pipeline:medakaVersion","q2Label":"pipeline:medakaVersion","q3Label":"pipeline:medakaVersion"},"memUsage":{"mean":15.43,"min":15.43,"q1":15.43,"q2":15.43,"q3":15.43,"max":15.43,"minLabel":"pipeline:medakaVersion","maxLabel":"pipeline:medakaVersion","q1Label":"pipeline:medakaVersion","q2Label":"pipeline:medakaVersion","q3Label":"pipeline:medakaVersion"},"timeUsage":null,"vmem":{"mean":790147072,"min":790147072,"q1":790147072,"q2":790147072,"q3":790147072,"max":790147072,"minLabel":"pipeline:medakaVersion","maxLabel":"pipeline:medakaVersion","q1Label":"pipeline:medakaVersion","q2Label":"pipeline:medakaVersion","q3Label":"pipeline:medakaVersion"},"reads":{"mean":35326582,"min":35326582,"q1":35326582,"q2":35326582,"q3":35326582,"max":35326582,"minLabel":"pipeline:medakaVersion","maxLabel":"pipeline:medakaVersion","q1Label":"pipeline:medakaVersion","q2Label":"pipeline:medakaVersion","q3Label":"pipeline:medakaVersion"},"cpu":{"mean":99.5,"min":99.5,"q1":99.5,"q2":99.5,"q3":99.5,"max":99.5,"minLabel":"pipeline:medakaVersion","maxLabel":"pipeline:medakaVersion","q1Label":"pipeline:medakaVersion","q2Label":"pipeline:medakaVersion","q3Label":"pipeline:medakaVersion"},"time":{"mean":1362,"min":1362,"q1":1362,"q2":1362,"q3":1362,"max":1362,"minLabel":"pipeline:medakaVersion","maxLabel":"pipeline:medakaVersion","q1Label":"pipeline:medakaVersion","q2Label":"pipeline:medakaVersion","q3Label":"pipeline:medakaVersion"},"writes":{"mean":4159,"min":4159,"q1":4159,"q2":4159,"q3":4159,"max":4159,"minLabel":"pipeline:medakaVersion","maxLabel":"pipeline:medakaVersion","q1Label":"pipeline:medakaVersion","q2Label":"pipeline:medakaVersion","q3Label":"pipeline:medakaVersion"}},{"cpuUsage":{"mean":69.6,"min":69.6,"q1":69.6,"q2":69.6,"q3":69.6,"max":69.6,"minLabel":"pipeline:canuVersion","maxLabel":"pipeline:canuVersion","q1Label":"pipeline:canuVersion","q2Label":"pipeline:canuVersion","q3Label":"pipeline:canuVersion"},"process":"canuVersion","mem":{"mean":11841536,"min":11841536,"q1":11841536,"q2":11841536,"q3":11841536,"max":11841536,"minLabel":"pipeline:canuVersion","maxLabel":"pipeline:canuVersion","q1Label":"pipeline:canuVersion","q2Label":"pipeline:canuVersion","q3Label":"pipeline:canuVersion"},"memUsage":{"mean":0.55,"min":0.55,"q1":0.55,"q2":0.55,"q3":0.55,"max":0.55,"minLabel":"pipeline:canuVersion","maxLabel":"pipeline:canuVersion","q1Label":"pipeline:canuVersion","q2Label":"pipeline:canuVersion","q3Label":"pipeline:canuVersion"},"timeUsage":null,"vmem":{"mean":17211392,"min":17211392,"q1":17211392,"q2":17211392,"q3":17211392,"max":17211392,"minLabel":"pipeline:canuVersion","maxLabel":"pipeline:canuVersion","q1Label":"pipeline:canuVersion","q2Label":"pipeline:canuVersion","q3Label":"pipeline:canuVersion"},"reads":{"mean":1028536,"min":1028536,"q1":1028536,"q2":1028536,"q3":1028536,"max":1028536,"minLabel":"pipeline:canuVersion","maxLabel":"pipeline:canuVersion","q1Label":"pipeline:canuVersion","q2Label":"pipeline:canuVersion","q3Label":"pipeline:canuVersion"},"cpu":{"mean":69.6,"min":69.6,"q1":69.6,"q2":69.6,"q3":69.6,"max":69.6,"minLabel":"pipeline:canuVersion","maxLabel":"pipeline:canuVersion","q1Label":"pipeline:canuVersion","q2Label":"pipeline:canuVersion","q3Label":"pipeline:canuVersion"},"time":{"mean":40,"min":40,"q1":40,"q2":40,"q3":40,"max":40,"minLabel":"pipeline:canuVersion","maxLabel":"pipeline:canuVersion","q1Label":"pipeline:canuVersion","q2Label":"pipeline:canuVersion","q3Label":"pipeline:canuVersion"},"writes":{"mean":425,"min":425,"q1":425,"q2":425,"q3":425,"max":425,"minLabel":"pipeline:canuVersion","maxLabel":"pipeline:canuVersion","q1Label":"pipeline:canuVersion","q2Label":"pipeline:canuVersion","q3Label":"pipeline:canuVersion"}},{"cpuUsage":{"mean":388.7,"min":388.7,"q1":388.7,"q2":388.7,"q3":388.7,"max":388.7,"minLabel":"pipeline:getVersions","maxLabel":"pipeline:getVersions","q1Label":"pipeline:getVersions","q2Label":"pipeline:getVersions","q3Label":"pipeline:getVersions"},"process":"getVersions","mem":{"mean":97677312,"min":97677312,"q1":97677312,"q2":97677312,"q3":97677312,"max":97677312,"minLabel":"pipeline:getVersions","maxLabel":"pipeline:getVersions","q1Label":"pipeline:getVersions","q2Label":"pipeline:getVersions","q3Label":"pipeline:getVersions"},"memUsage":{"mean":4.55,"min":4.55,"q1":4.55,"q2":4.55,"q3":4.55,"max":4.55,"minLabel":"pipeline:getVersions","maxLabel":"pipeline:getVersions","q1Label":"pipeline:getVersions","q2Label":"pipeline:getVersions","q3Label":"pipeline:getVersions"},"timeUsage":null,"vmem":{"mean":4736385024,"min":4736385024,"q1":4736385024,"q2":4736385024,"q3":4736385024,"max":4736385024,"minLabel":"pipeline:getVersions","maxLabel":"pipeline:getVersions","q1Label":"pipeline:getVersions","q2Label":"pipeline:getVersions","q3Label":"pipeline:getVersions"},"reads":{"mean":22525353,"min":22525353,"q1":22525353,"q2":22525353,"q3":22525353,"max":22525353,"minLabel":"pipeline:getVersions","maxLabel":"pipeline:getVersions","q1Label":"pipeline:getVersions","q2Label":"pipeline:getVersions","q3Label":"pipeline:getVersions"},"cpu":{"mean":388.7,"min":388.7,"q1":388.7,"q2":388.7,"q3":388.7,"max":388.7,"minLabel":"pipeline:getVersions","maxLabel":"pipeline:getVersions","q1Label":"pipeline:getVersions","q2Label":"pipeline:getVersions","q3Label":"pipeline:getVersions"},"time":{"mean":1228,"min":1228,"q1":1228,"q2":1228,"q3":1228,"max":1228,"minLabel":"pipeline:getVersions","maxLabel":"pipeline:getVersions","q1Label":"pipeline:getVersions","q2Label":"pipeline:getVersions","q3Label":"pipeline:getVersions"},"writes":{"mean":12805788,"min":12805788,"q1":12805788,"q2":12805788,"q3":12805788,"max":12805788,"minLabel":"pipeline:getVersions","maxLabel":"pipeline:getVersions","q1Label":"pipeline:getVersions","q2Label":"pipeline:getVersions","q3Label":"pipeline:getVersions"}},{"cpuUsage":{"mean":20.27,"min":20.27,"q1":20.27,"q2":20.27,"q3":20.27,"max":20.27,"minLabel":"pipeline:assembleCore (1)","maxLabel":"pipeline:assembleCore (1)","q1Label":"pipeline:assembleCore (1)","q2Label":"pipeline:assembleCore (1)","q3Label":"pipeline:assembleCore (1)"},"process":"assembleCore","mem":{"mean":1128431616,"min":1128431616,"q1":1128431616,"q2":1128431616,"q3":1128431616,"max":1128431616,"minLabel":"pipeline:assembleCore (1)","maxLabel":"pipeline:assembleCore (1)","q1Label":"pipeline:assembleCore (1)","q2Label":"pipeline:assembleCore (1)","q3Label":"pipeline:assembleCore (1)"},"memUsage":{"mean":15.01,"min":15.01,"q1":15.01,"q2":15.01,"q3":15.01,"max":15.01,"minLabel":"pipeline:assembleCore (1)","maxLabel":"pipeline:assembleCore (1)","q1Label":"pipeline:assembleCore (1)","q2Label":"pipeline:assembleCore (1)","q3Label":"pipeline:assembleCore (1)"},"timeUsage":null,"vmem":{"mean":4691521536,"min":4691521536,"q1":4691521536,"q2":4691521536,"q3":4691521536,"max":4691521536,"minLabel":"pipeline:assembleCore (1)","maxLabel":"pipeline:assembleCore (1)","q1Label":"pipeline:assembleCore (1)","q2Label":"pipeline:assembleCore (1)","q3Label":"pipeline:assembleCore (1)"},"reads":{"mean":285814812,"min":285814812,"q1":285814812,"q2":285814812,"q3":285814812,"max":285814812,"minLabel":"pipeline:assembleCore (1)","maxLabel":"pipeline:assembleCore (1)","q1Label":"pipeline:assembleCore (1)","q2Label":"pipeline:assembleCore (1)","q3Label":"pipeline:assembleCore (1)"},"cpu":{"mean":324.3,"min":324.3,"q1":324.3,"q2":324.3,"q3":324.3,"max":324.3,"minLabel":"pipeline:assembleCore (1)","maxLabel":"pipeline:assembleCore (1)","q1Label":"pipeline:assembleCore (1)","q2Label":"pipeline:assembleCore (1)","q3Label":"pipeline:assembleCore (1)"},"time":{"mean":25667,"min":25667,"q1":25667,"q2":25667,"q3":25667,"max":25667,"minLabel":"pipeline:assembleCore (1)","maxLabel":"pipeline:assembleCore (1)","q1Label":"pipeline:assembleCore (1)","q2Label":"pipeline:assembleCore (1)","q3Label":"pipeline:assembleCore (1)"},"writes":{"mean":38848967,"min":38848967,"q1":38848967,"q2":38848967,"q3":38848967,"max":38848967,"minLabel":"pipeline:assembleCore (1)","maxLabel":"pipeline:assembleCore (1)","q1Label":"pipeline:assembleCore (1)","q2Label":"pipeline:assembleCore (1)","q3Label":"pipeline:assembleCore (1)"}},{"cpuUsage":{"mean":68.8,"min":68.8,"q1":68.8,"q2":68.8,"q3":68.8,"max":68.8,"minLabel":"pipeline:downsampledStats (1)","maxLabel":"pipeline:downsampledStats (1)","q1Label":"pipeline:downsampledStats (1)","q2Label":"pipeline:downsampledStats (1)","q3Label":"pipeline:downsampledStats (1)"},"process":"downsampledStats","mem":{"mean":47288320,"min":47288320,"q1":47288320,"q2":47288320,"q3":47288320,"max":47288320,"minLabel":"pipeline:downsampledStats (1)","maxLabel":"pipeline:downsampledStats (1)","q1Label":"pipeline:downsampledStats (1)","q2Label":"pipeline:downsampledStats (1)","q3Label":"pipeline:downsampledStats (1)"},"memUsage":{"mean":2.2,"min":2.2,"q1":2.2,"q2":2.2,"q3":2.2,"max":2.2,"minLabel":"pipeline:downsampledStats (1)","maxLabel":"pipeline:downsampledStats (1)","q1Label":"pipeline:downsampledStats (1)","q2Label":"pipeline:downsampledStats (1)","q3Label":"pipeline:downsampledStats (1)"},"timeUsage":null,"vmem":{"mean":169836544,"min":169836544,"q1":169836544,"q2":169836544,"q3":169836544,"max":169836544,"minLabel":"pipeline:downsampledStats (1)","maxLabel":"pipeline:downsampledStats (1)","q1Label":"pipeline:downsampledStats (1)","q2Label":"pipeline:downsampledStats (1)","q3Label":"pipeline:downsampledStats (1)"},"reads":{"mean":1591775,"min":1591775,"q1":1591775,"q2":1591775,"q3":1591775,"max":1591775,"minLabel":"pipeline:downsampledStats (1)","maxLabel":"pipeline:downsampledStats (1)","q1Label":"pipeline:downsampledStats (1)","q2Label":"pipeline:downsampledStats (1)","q3Label":"pipeline:downsampledStats (1)"},"cpu":{"mean":68.8,"min":68.8,"q1":68.8,"q2":68.8,"q3":68.8,"max":68.8,"minLabel":"pipeline:downsampledStats (1)","maxLabel":"pipeline:downsampledStats (1)","q1Label":"pipeline:downsampledStats (1)","q2Label":"pipeline:downsampledStats (1)","q3Label":"pipeline:downsampledStats (1)"},"time":{"mean":27,"min":27,"q1":27,"q2":27,"q3":27,"max":27,"minLabel":"pipeline:downsampledStats (1)","maxLabel":"pipeline:downsampledStats (1)","q1Label":"pipeline:downsampledStats (1)","q2Label":"pipeline:downsampledStats (1)","q3Label":"pipeline:downsampledStats (1)"},"writes":{"mean":1513726,"min":1513726,"q1":1513726,"q2":1513726,"q3":1513726,"max":1513726,"minLabel":"pipeline:downsampledStats (1)","maxLabel":"pipeline:downsampledStats (1)","q1Label":"pipeline:downsampledStats (1)","q2Label":"pipeline:downsampledStats (1)","q3Label":"pipeline:downsampledStats (1)"}},{"cpuUsage":{"mean":6.74,"min":6.74,"q1":6.74,"q2":6.74,"q3":6.74,"max":6.74,"minLabel":"pipeline:medakaPolishAssembly (1)","maxLabel":"pipeline:medakaPolishAssembly (1)","q1Label":"pipeline:medakaPolishAssembly (1)","q2Label":"pipeline:medakaPolishAssembly (1)","q3Label":"pipeline:medakaPolishAssembly (1)"},"process":"medakaPolishAssembly","mem":{"mean":363823104,"min":363823104,"q1":363823104,"q2":363823104,"q3":363823104,"max":363823104,"minLabel":"pipeline:medakaPolishAssembly (1)","maxLabel":"pipeline:medakaPolishAssembly (1)","q1Label":"pipeline:medakaPolishAssembly (1)","q2Label":"pipeline:medakaPolishAssembly (1)","q3Label":"pipeline:medakaPolishAssembly (1)"},"memUsage":{"mean":8.47,"min":8.47,"q1":8.47,"q2":8.47,"q3":8.47,"max":8.47,"minLabel":"pipeline:medakaPolishAssembly (1)","maxLabel":"pipeline:medakaPolishAssembly (1)","q1Label":"pipeline:medakaPolishAssembly (1)","q2Label":"pipeline:medakaPolishAssembly (1)","q3Label":"pipeline:medakaPolishAssembly (1)"},"timeUsage":null,"vmem":{"mean":1175953408,"min":1175953408,"q1":1175953408,"q2":1175953408,"q3":1175953408,"max":1175953408,"minLabel":"pipeline:medakaPolishAssembly (1)","maxLabel":"pipeline:medakaPolishAssembly (1)","q1Label":"pipeline:medakaPolishAssembly (1)","q2Label":"pipeline:medakaPolishAssembly (1)","q3Label":"pipeline:medakaPolishAssembly (1)"},"reads":{"mean":305981668,"min":305981668,"q1":305981668,"q2":305981668,"q3":305981668,"max":305981668,"minLabel":"pipeline:medakaPolishAssembly (1)","maxLabel":"pipeline:medakaPolishAssembly (1)","q1Label":"pipeline:medakaPolishAssembly (1)","q2Label":"pipeline:medakaPolishAssembly (1)","q3Label":"pipeline:medakaPolishAssembly (1)"},"cpu":{"mean":107.8,"min":107.8,"q1":107.8,"q2":107.8,"q3":107.8,"max":107.8,"minLabel":"pipeline:medakaPolishAssembly (1)","maxLabel":"pipeline:medakaPolishAssembly (1)","q1Label":"pipeline:medakaPolishAssembly (1)","q2Label":"pipeline:medakaPolishAssembly (1)","q3Label":"pipeline:medakaPolishAssembly (1)"},"time":{"mean":9937,"min":9937,"q1":9937,"q2":9937,"q3":9937,"max":9937,"minLabel":"pipeline:medakaPolishAssembly (1)","maxLabel":"pipeline:medakaPolishAssembly (1)","q1Label":"pipeline:medakaPolishAssembly (1)","q2Label":"pipeline:medakaPolishAssembly (1)","q3Label":"pipeline:medakaPolishAssembly (1)"},"writes":{"mean":11322499,"min":11322499,"q1":11322499,"q2":11322499,"q3":11322499,"max":11322499,"minLabel":"pipeline:medakaPolishAssembly (1)","maxLabel":"pipeline:medakaPolishAssembly (1)","q1Label":"pipeline:medakaPolishAssembly (1)","q2Label":"pipeline:medakaPolishAssembly (1)","q3Label":"pipeline:medakaPolishAssembly (1)"}},{"cpuUsage":{"mean":74.4,"min":74.4,"q1":74.4,"q2":74.4,"q3":74.4,"max":74.4,"minLabel":"pipeline:reorientateFastqAndGetFasta (1)","maxLabel":"pipeline:reorientateFastqAndGetFasta (1)","q1Label":"pipeline:reorientateFastqAndGetFasta (1)","q2Label":"pipeline:reorientateFastqAndGetFasta (1)","q3Label":"pipeline:reorientateFastqAndGetFasta (1)"},"process":"reorientateFastqAndGetFasta","mem":{"mean":19394560,"min":19394560,"q1":19394560,"q2":19394560,"q3":19394560,"max":19394560,"minLabel":"pipeline:reorientateFastqAndGetFasta (1)","maxLabel":"pipeline:reorientateFastqAndGetFasta (1)","q1Label":"pipeline:reorientateFastqAndGetFasta (1)","q2Label":"pipeline:reorientateFastqAndGetFasta (1)","q3Label":"pipeline:reorientateFastqAndGetFasta (1)"},"memUsage":{"mean":0.9,"min":0.9,"q1":0.9,"q2":0.9,"q3":0.9,"max":0.9,"minLabel":"pipeline:reorientateFastqAndGetFasta (1)","maxLabel":"pipeline:reorientateFastqAndGetFasta (1)","q1Label":"pipeline:reorientateFastqAndGetFasta (1)","q2Label":"pipeline:reorientateFastqAndGetFasta (1)","q3Label":"pipeline:reorientateFastqAndGetFasta (1)"},"timeUsage":null,"vmem":{"mean":750485504,"min":750485504,"q1":750485504,"q2":750485504,"q3":750485504,"max":750485504,"minLabel":"pipeline:reorientateFastqAndGetFasta (1)","maxLabel":"pipeline:reorientateFastqAndGetFasta (1)","q1Label":"pipeline:reorientateFastqAndGetFasta (1)","q2Label":"pipeline:reorientateFastqAndGetFasta (1)","q3Label":"pipeline:reorientateFastqAndGetFasta (1)"},"reads":{"mean":95230,"min":95230,"q1":95230,"q2":95230,"q3":95230,"max":95230,"minLabel":"pipeline:reorientateFastqAndGetFasta (1)","maxLabel":"pipeline:reorientateFastqAndGetFasta (1)","q1Label":"pipeline:reorientateFastqAndGetFasta (1)","q2Label":"pipeline:reorientateFastqAndGetFasta (1)","q3Label":"pipeline:reorientateFastqAndGetFasta (1)"},"cpu":{"mean":74.4,"min":74.4,"q1":74.4,"q2":74.4,"q3":74.4,"max":74.4,"minLabel":"pipeline:reorientateFastqAndGetFasta (1)","maxLabel":"pipeline:reorientateFastqAndGetFasta (1)","q1Label":"pipeline:reorientateFastqAndGetFasta (1)","q2Label":"pipeline:reorientateFastqAndGetFasta (1)","q3Label":"pipeline:reorientateFastqAndGetFasta (1)"},"time":{"mean":11,"min":11,"q1":11,"q2":11,"q3":11,"max":11,"minLabel":"pipeline:reorientateFastqAndGetFasta (1)","maxLabel":"pipeline:reorientateFastqAndGetFasta (1)","q1Label":"pipeline:reorientateFastqAndGetFasta (1)","q2Label":"pipeline:reorientateFastqAndGetFasta (1)","q3Label":"pipeline:reorientateFastqAndGetFasta (1)"},"writes":{"mean":17236,"min":17236,"q1":17236,"q2":17236,"q3":17236,"max":17236,"minLabel":"pipeline:reorientateFastqAndGetFasta (1)","maxLabel":"pipeline:reorientateFastqAndGetFasta (1)","q1Label":"pipeline:reorientateFastqAndGetFasta (1)","q2Label":"pipeline:reorientateFastqAndGetFasta (1)","q3Label":"pipeline:reorientateFastqAndGetFasta (1)"}},{"cpuUsage":{"mean":69.6,"min":69.6,"q1":69.6,"q2":69.6,"q3":69.6,"max":69.6,"minLabel":"pipeline:findPrimers (1)","maxLabel":"pipeline:findPrimers (1)","q1Label":"pipeline:findPrimers (1)","q2Label":"pipeline:findPrimers (1)","q3Label":"pipeline:findPrimers (1)"},"process":"findPrimers","mem":{"mean":20135936,"min":20135936,"q1":20135936,"q2":20135936,"q3":20135936,"max":20135936,"minLabel":"pipeline:findPrimers (1)","maxLabel":"pipeline:findPrimers (1)","q1Label":"pipeline:findPrimers (1)","q2Label":"pipeline:findPrimers (1)","q3Label":"pipeline:findPrimers (1)"},"memUsage":{"mean":0.94,"min":0.94,"q1":0.94,"q2":0.94,"q3":0.94,"max":0.94,"minLabel":"pipeline:findPrimers (1)","maxLabel":"pipeline:findPrimers (1)","q1Label":"pipeline:findPrimers (1)","q2Label":"pipeline:findPrimers (1)","q3Label":"pipeline:findPrimers (1)"},"timeUsage":null,"vmem":{"mean":750485504,"min":750485504,"q1":750485504,"q2":750485504,"q3":750485504,"max":750485504,"minLabel":"pipeline:findPrimers (1)","maxLabel":"pipeline:findPrimers (1)","q1Label":"pipeline:findPrimers (1)","q2Label":"pipeline:findPrimers (1)","q3Label":"pipeline:findPrimers (1)"},"reads":{"mean":75699,"min":75699,"q1":75699,"q2":75699,"q3":75699,"max":75699,"minLabel":"pipeline:findPrimers (1)","maxLabel":"pipeline:findPrimers (1)","q1Label":"pipeline:findPrimers (1)","q2Label":"pipeline:findPrimers (1)","q3Label":"pipeline:findPrimers (1)"},"cpu":{"mean":69.6,"min":69.6,"q1":69.6,"q2":69.6,"q3":69.6,"max":69.6,"minLabel":"pipeline:findPrimers (1)","maxLabel":"pipeline:findPrimers (1)","q1Label":"pipeline:findPrimers (1)","q2Label":"pipeline:findPrimers (1)","q3Label":"pipeline:findPrimers (1)"},"time":{"mean":12,"min":12,"q1":12,"q2":12,"q3":12,"max":12,"minLabel":"pipeline:findPrimers (1)","maxLabel":"pipeline:findPrimers (1)","q1Label":"pipeline:findPrimers (1)","q2Label":"pipeline:findPrimers (1)","q3Label":"pipeline:findPrimers (1)"},"writes":{"mean":5888,"min":5888,"q1":5888,"q2":5888,"q3":5888,"max":5888,"minLabel":"pipeline:findPrimers (1)","maxLabel":"pipeline:findPrimers (1)","q1Label":"pipeline:findPrimers (1)","q2Label":"pipeline:findPrimers (1)","q3Label":"pipeline:findPrimers (1)"}},{"cpuUsage":{"mean":67.4,"min":67.4,"q1":67.4,"q2":67.4,"q3":67.4,"max":67.4,"minLabel":"pipeline:assembly_qc (1)","maxLabel":"pipeline:assembly_qc (1)","q1Label":"pipeline:assembly_qc (1)","q2Label":"pipeline:assembly_qc (1)","q3Label":"pipeline:assembly_qc (1)"},"process":"assembly_qc","mem":{"mean":43806720,"min":43806720,"q1":43806720,"q2":43806720,"q3":43806720,"max":43806720,"minLabel":"pipeline:assembly_qc (1)","maxLabel":"pipeline:assembly_qc (1)","q1Label":"pipeline:assembly_qc (1)","q2Label":"pipeline:assembly_qc (1)","q3Label":"pipeline:assembly_qc (1)"},"memUsage":{"mean":2.04,"min":2.04,"q1":2.04,"q2":2.04,"q3":2.04,"max":2.04,"minLabel":"pipeline:assembly_qc (1)","maxLabel":"pipeline:assembly_qc (1)","q1Label":"pipeline:assembly_qc (1)","q2Label":"pipeline:assembly_qc (1)","q3Label":"pipeline:assembly_qc (1)"},"timeUsage":null,"vmem":{"mean":169836544,"min":169836544,"q1":169836544,"q2":169836544,"q3":169836544,"max":169836544,"minLabel":"pipeline:assembly_qc (1)","maxLabel":"pipeline:assembly_qc (1)","q1Label":"pipeline:assembly_qc (1)","q2Label":"pipeline:assembly_qc (1)","q3Label":"pipeline:assembly_qc (1)"},"reads":{"mean":76946,"min":76946,"q1":76946,"q2":76946,"q3":76946,"max":76946,"minLabel":"pipeline:assembly_qc (1)","maxLabel":"pipeline:assembly_qc (1)","q1Label":"pipeline:assembly_qc (1)","q2Label":"pipeline:assembly_qc (1)","q3Label":"pipeline:assembly_qc (1)"},"cpu":{"mean":67.4,"min":67.4,"q1":67.4,"q2":67.4,"q3":67.4,"max":67.4,"minLabel":"pipeline:assembly_qc (1)","maxLabel":"pipeline:assembly_qc (1)","q1Label":"pipeline:assembly_qc (1)","q2Label":"pipeline:assembly_qc (1)","q3Label":"pipeline:assembly_qc (1)"},"time":{"mean":27,"min":27,"q1":27,"q2":27,"q3":27,"max":27,"minLabel":"pipeline:assembly_qc (1)","maxLabel":"pipeline:assembly_qc (1)","q1Label":"pipeline:assembly_qc (1)","q2Label":"pipeline:assembly_qc (1)","q3Label":"pipeline:assembly_qc (1)"},"writes":{"mean":11678,"min":11678,"q1":11678,"q2":11678,"q3":11678,"max":11678,"minLabel":"pipeline:assembly_qc (1)","maxLabel":"pipeline:assembly_qc (1)","q1Label":"pipeline:assembly_qc (1)","q2Label":"pipeline:assembly_qc (1)","q3Label":"pipeline:assembly_qc (1)"}},{"cpuUsage":{"mean":100,"min":100,"q1":100,"q2":100,"q3":100,"max":100,"minLabel":"pipeline:assemblyMafs (1)","maxLabel":"pipeline:assemblyMafs (1)","q1Label":"pipeline:assemblyMafs (1)","q2Label":"pipeline:assemblyMafs (1)","q3Label":"pipeline:assemblyMafs (1)"},"process":"assemblyMafs","mem":{"mean":3010560,"min":3010560,"q1":3010560,"q2":3010560,"q3":3010560,"max":3010560,"minLabel":"pipeline:assemblyMafs (1)","maxLabel":"pipeline:assemblyMafs (1)","q1Label":"pipeline:assemblyMafs (1)","q2Label":"pipeline:assemblyMafs (1)","q3Label":"pipeline:assemblyMafs (1)"},"memUsage":{"mean":0.14,"min":0.14,"q1":0.14,"q2":0.14,"q3":0.14,"max":0.14,"minLabel":"pipeline:assemblyMafs (1)","maxLabel":"pipeline:assemblyMafs (1)","q1Label":"pipeline:assemblyMafs (1)","q2Label":"pipeline:assemblyMafs (1)","q3Label":"pipeline:assemblyMafs (1)"},"timeUsage":null,"vmem":{"mean":4005888,"min":4005888,"q1":4005888,"q2":4005888,"q3":4005888,"max":4005888,"minLabel":"pipeline:assemblyMafs (1)","maxLabel":"pipeline:assemblyMafs (1)","q1Label":"pipeline:assemblyMafs (1)","q2Label":"pipeline:assemblyMafs (1)","q3Label":"pipeline:assemblyMafs (1)"},"reads":{"mean":87366,"min":87366,"q1":87366,"q2":87366,"q3":87366,"max":87366,"minLabel":"pipeline:assemblyMafs (1)","maxLabel":"pipeline:assemblyMafs (1)","q1Label":"pipeline:assemblyMafs (1)","q2Label":"pipeline:assemblyMafs (1)","q3Label":"pipeline:assemblyMafs (1)"},"cpu":{"mean":100,"min":100,"q1":100,"q2":100,"q3":100,"max":100,"minLabel":"pipeline:assemblyMafs (1)","maxLabel":"pipeline:assemblyMafs (1)","q1Label":"pipeline:assemblyMafs (1)","q2Label":"pipeline:assemblyMafs (1)","q3Label":"pipeline:assemblyMafs (1)"},"time":{"mean":891,"min":891,"q1":891,"q2":891,"q3":891,"max":891,"minLabel":"pipeline:assemblyMafs (1)","maxLabel":"pipeline:assemblyMafs (1)","q1Label":"pipeline:assemblyMafs (1)","q2Label":"pipeline:assemblyMafs (1)","q3Label":"pipeline:assemblyMafs (1)"},"writes":{"mean":52569,"min":52569,"q1":52569,"q2":52569,"q3":52569,"max":52569,"minLabel":"pipeline:assemblyMafs (1)","maxLabel":"pipeline:assemblyMafs (1)","q1Label":"pipeline:assemblyMafs (1)","q2Label":"pipeline:assemblyMafs (1)","q3Label":"pipeline:assemblyMafs (1)"}},{"cpuUsage":{"mean":363.2,"min":363.2,"q1":363.2,"q2":363.2,"q3":363.2,"max":363.2,"minLabel":"pipeline:inserts (1)","maxLabel":"pipeline:inserts (1)","q1Label":"pipeline:inserts (1)","q2Label":"pipeline:inserts (1)","q3Label":"pipeline:inserts (1)"},"process":"inserts","mem":{"mean":10731520,"min":10731520,"q1":10731520,"q2":10731520,"q3":10731520,"max":10731520,"minLabel":"pipeline:inserts (1)","maxLabel":"pipeline:inserts (1)","q1Label":"pipeline:inserts (1)","q2Label":"pipeline:inserts (1)","q3Label":"pipeline:inserts (1)"},"memUsage":{"mean":0.25,"min":0.25,"q1":0.25,"q2":0.25,"q3":0.25,"max":0.25,"minLabel":"pipeline:inserts (1)","maxLabel":"pipeline:inserts (1)","q1Label":"pipeline:inserts (1)","q2Label":"pipeline:inserts (1)","q3Label":"pipeline:inserts (1)"},"timeUsage":null,"vmem":{"mean":15003648,"min":15003648,"q1":15003648,"q2":15003648,"q3":15003648,"max":15003648,"minLabel":"pipeline:inserts (1)","maxLabel":"pipeline:inserts (1)","q1Label":"pipeline:inserts (1)","q2Label":"pipeline:inserts (1)","q3Label":"pipeline:inserts (1)"},"reads":{"mean":11604224,"min":11604224,"q1":11604224,"q2":11604224,"q3":11604224,"max":11604224,"minLabel":"pipeline:inserts (1)","maxLabel":"pipeline:inserts (1)","q1Label":"pipeline:inserts (1)","q2Label":"pipeline:inserts (1)","q3Label":"pipeline:inserts (1)"},"cpu":{"mean":363.2,"min":363.2,"q1":363.2,"q2":363.2,"q3":363.2,"max":363.2,"minLabel":"pipeline:inserts (1)","maxLabel":"pipeline:inserts (1)","q1Label":"pipeline:inserts (1)","q2Label":"pipeline:inserts (1)","q3Label":"pipeline:inserts (1)"},"time":{"mean":696,"min":696,"q1":696,"q2":696,"q3":696,"max":696,"minLabel":"pipeline:inserts (1)","maxLabel":"pipeline:inserts (1)","q1Label":"pipeline:inserts (1)","q2Label":"pipeline:inserts (1)","q3Label":"pipeline:inserts (1)"},"writes":{"mean":9095460,"min":9095460,"q1":9095460,"q2":9095460,"q3":9095460,"max":9095460,"minLabel":"pipeline:inserts (1)","maxLabel":"pipeline:inserts (1)","q1Label":"pipeline:inserts (1)","q2Label":"pipeline:inserts (1)","q3Label":"pipeline:inserts (1)"}},{"cpuUsage":{"mean":214,"min":214,"q1":214,"q2":214,"q3":214,"max":214,"minLabel":"pipeline:runPlannotate (1)","maxLabel":"pipeline:runPlannotate (1)","q1Label":"pipeline:runPlannotate (1)","q2Label":"pipeline:runPlannotate (1)","q3Label":"pipeline:runPlannotate (1)"},"process":"runPlannotate","mem":{"mean":412758016,"min":412758016,"q1":412758016,"q2":412758016,"q3":412758016,"max":412758016,"minLabel":"pipeline:runPlannotate (1)","maxLabel":"pipeline:runPlannotate (1)","q1Label":"pipeline:runPlannotate (1)","q2Label":"pipeline:runPlannotate (1)","q3Label":"pipeline:runPlannotate (1)"},"memUsage":{"mean":19.22,"min":19.22,"q1":19.22,"q2":19.22,"q3":19.22,"max":19.22,"minLabel":"pipeline:runPlannotate (1)","maxLabel":"pipeline:runPlannotate (1)","q1Label":"pipeline:runPlannotate (1)","q2Label":"pipeline:runPlannotate (1)","q3Label":"pipeline:runPlannotate (1)"},"timeUsage":null,"vmem":{"mean":5425717248,"min":5425717248,"q1":5425717248,"q2":5425717248,"q3":5425717248,"max":5425717248,"minLabel":"pipeline:runPlannotate (1)","maxLabel":"pipeline:runPlannotate (1)","q1Label":"pipeline:runPlannotate (1)","q2Label":"pipeline:runPlannotate (1)","q3Label":"pipeline:runPlannotate (1)"},"reads":{"mean":837460870,"min":837460870,"q1":837460870,"q2":837460870,"q3":837460870,"max":837460870,"minLabel":"pipeline:runPlannotate (1)","maxLabel":"pipeline:runPlannotate (1)","q1Label":"pipeline:runPlannotate (1)","q2Label":"pipeline:runPlannotate (1)","q3Label":"pipeline:runPlannotate (1)"},"cpu":{"mean":214,"min":214,"q1":214,"q2":214,"q3":214,"max":214,"minLabel":"pipeline:runPlannotate (1)","maxLabel":"pipeline:runPlannotate (1)","q1Label":"pipeline:runPlannotate (1)","q2Label":"pipeline:runPlannotate (1)","q3Label":"pipeline:runPlannotate (1)"},"time":{"mean":4291,"min":4291,"q1":4291,"q2":4291,"q3":4291,"max":4291,"minLabel":"pipeline:runPlannotate (1)","maxLabel":"pipeline:runPlannotate (1)","q1Label":"pipeline:runPlannotate (1)","q2Label":"pipeline:runPlannotate (1)","q3Label":"pipeline:runPlannotate (1)"},"writes":{"mean":220097265,"min":220097265,"q1":220097265,"q2":220097265,"q3":220097265,"max":220097265,"minLabel":"pipeline:runPlannotate (1)","maxLabel":"pipeline:runPlannotate (1)","q1Label":"pipeline:runPlannotate (1)","q2Label":"pipeline:runPlannotate (1)","q3Label":"pipeline:runPlannotate (1)"}},{"cpuUsage":{"mean":124,"min":124,"q1":124,"q2":124,"q3":124,"max":124,"minLabel":"pipeline:report (1)","maxLabel":"pipeline:report (1)","q1Label":"pipeline:report (1)","q2Label":"pipeline:report (1)","q3Label":"pipeline:report (1)"},"process":"report","mem":{"mean":463667200,"min":463667200,"q1":463667200,"q2":463667200,"q3":463667200,"max":463667200,"minLabel":"pipeline:report (1)","maxLabel":"pipeline:report (1)","q1Label":"pipeline:report (1)","q2Label":"pipeline:report (1)","q3Label":"pipeline:report (1)"},"memUsage":{"mean":10.8,"min":10.8,"q1":10.8,"q2":10.8,"q3":10.8,"max":10.8,"minLabel":"pipeline:report (1)","maxLabel":"pipeline:report (1)","q1Label":"pipeline:report (1)","q2Label":"pipeline:report (1)","q3Label":"pipeline:report (1)"},"timeUsage":null,"vmem":{"mean":5102833664,"min":5102833664,"q1":5102833664,"q2":5102833664,"q3":5102833664,"max":5102833664,"minLabel":"pipeline:report (1)","maxLabel":"pipeline:report (1)","q1Label":"pipeline:report (1)","q2Label":"pipeline:report (1)","q3Label":"pipeline:report (1)"},"reads":{"mean":68184766,"min":68184766,"q1":68184766,"q2":68184766,"q3":68184766,"max":68184766,"minLabel":"pipeline:report (1)","maxLabel":"pipeline:report (1)","q1Label":"pipeline:report (1)","q2Label":"pipeline:report (1)","q3Label":"pipeline:report (1)"},"cpu":{"mean":124,"min":124,"q1":124,"q2":124,"q3":124,"max":124,"minLabel":"pipeline:report (1)","maxLabel":"pipeline:report (1)","q1Label":"pipeline:report (1)","q2Label":"pipeline:report (1)","q3Label":"pipeline:report (1)"},"time":{"mean":7508,"min":7508,"q1":7508,"q2":7508,"q3":7508,"max":7508,"minLabel":"pipeline:report (1)","maxLabel":"pipeline:report (1)","q1Label":"pipeline:report (1)","q2Label":"pipeline:report (1)","q3Label":"pipeline:report (1)"},"writes":{"mean":38602637,"min":38602637,"q1":38602637,"q2":38602637,"q3":38602637,"max":38602637,"minLabel":"pipeline:report (1)","maxLabel":"pipeline:report (1)","q1Label":"pipeline:report (1)","q2Label":"pipeline:report (1)","q3Label":"pipeline:report (1)"}},{"cpuUsage":null,"process":"publish","mem":null,"memUsage":null,"timeUsage":null,"vmem":null,"reads":{"mean":54580.45,"min":54576,"q1":54578,"q2":54582,"q3":54582.5,"max":54583,"minLabel":"publish (7)","maxLabel":"publish (5)","q1Label":"publish (3)","q2Label":"publish (6)","q3Label":"publish (8)"},"cpu":null,"time":{"mean":1.27,"min":1,"q1":1,"q2":1,"q3":1.5,"max":2,"minLabel":"publish (4)","maxLabel":"publish (1)","q1Label":"publish (6)","q2Label":"publish (5)","q3Label":"publish (8)"},"writes":{"mean":208,"min":208,"q1":208,"q2":208,"q3":208,"max":208,"minLabel":"publish (4)","maxLabel":"publish (1)","q1Label":"publish (9)","q2Label":"publish (2)","q3Label":"publish (11)"}}]
Jun-19 10:56:10.805 [main] DEBUG nextflow.trace.TimelineObserver - Workflow completed -- rendering execution timeline
Jun-19 10:56:10.833 [Actor Thread 29] DEBUG nextflow.trace.WebLogObserver - Successfully sent message to http://localhost:33287 -- received status code 200.
Jun-19 10:56:10.835 [main] DEBUG nextflow.cache.CacheDB - Closing CacheDB done
Jun-19 10:56:10.841 [main] DEBUG nextflow.util.ThreadPoolManager - Thread pool 'FileTransfer' shutdown completed (hard=false)
Jun-19 10:56:10.841 [main] DEBUG nextflow.script.ScriptRunner - > Execution complete -- Goodbye
